INFO ReadOnlyZKClient-hadoop102:2181,hadoop103:2181,hadoop104:2181@0x4e4aea35 org.apache.zookeeper.ZooKeeper - Client environment:java.library.path=C:\Users\23168\.jdks\corretto-1.8.0_332\bin;C:\WINDOWS\Sun\Java\bin;C:\WINDOWS\system32;C:\WINDOWS;C:\Program Files (x86)\Common Files\Intel\Shared Libraries\redist\intel64\compiler;D:\Python\Scripts\;D:\Python\;C:\Program Files\Common Files\Oracle\Java\javapath;D:\Study\jdk\javajdk\\bin;C:\Windows\system32;C:\Windows;C:\Windows\System32\Wbem;C:\Windows\System32\WindowsPowerShell\v1.0\;C:\Windows\System32\OpenSSH\;C:\Program Files (x86)\NVIDIA Corporation\PhysX\Common;C:\Program Files\NVIDIA Corporation\NVIDIA NvDLISR;C:\WINDOWS\system32;C:\WINDOWS;C:\WINDOWS\System32\Wbem;C:\WINDOWS\System32\WindowsPowerShell\v1.0\;C:\WINDOWS\System32\OpenSSH\;C:\Program Files\dotnet\;C:\Program Files\Microsoft SQL Server\130\Tools\Binn\;C:\Program Files\Microsoft SQL Server\Client SDK\ODBC\170\Tools\Binn\;D:\Study\Vs Code\mingw64\bin;"D:\Study\jdk\javajdk\\bin;D:\Study\jdk\javajdk\\jre\bin;";";D:\Study\Tomcat 9\bin";D:\Study\MySQL\bin;D:\Study\Git\Git\cmd;D:\Study\maven\apache-maven-3.8.3\bin;D:\Study\wechat\微信web开发者工具\dll;C:\Program Files (x86)\Microsoft SQL Server\110\DTS\Binn\;C:\Program Files (x86)\Microsoft SQL Server\110\Tools\Binn\;C:\Program Files (x86)\Microsoft SQL Server\110\Tools\Binn\ManagementStudio\;C:\Program Files (x86)\Microsoft Visual Studio 10.0\Common7\IDE\PrivateAssemblies\;D:\Study\mysql\bin;D:\Study\Android\SDK\platform-tools;D:\Study\Python;D:\Study\Python\Scripts;D:\Study\node.js\;D:\Download\EasyShare\x86\;D:\Download\EasyShare\x64\;D:\Study\Xshell\;D:\Study\Hadoop\hadoop-3.2.0\bin;C:\Program Files\Microsoft SQL Server\110\Tools\Binn\;C:\Users\23168\AppData\Local\Microsoft\WindowsApps;C:\Program Files\Bandizip\;D:\Study\IDEA_EE\IntelliJ IDEA 2021.2.3\bin;;D:\IDEA\IntelliJ IDEA Community Edition 2021.2.1\bin;;C:\Users\23168\.dotnet\tools;D:\LLVm\bin;D:\Study\jdk\javajdk\\jre\bin;D:\Study\jdk\javajdk\\bin;D:\Study\maven\apache-maven-3.8.3\bin;D:\Study\maven\apache-maven-3.8.3\bin;C:\Users\23168\AppData\Local\Programs\Microsoft VS Code\bin;C:\Users\23168\AppData\Local\Android\Sdk\tools;C:\Users\23168\AppData\Local\GitHubDesktop\bin;D:\Study\VsCode\Microsoft VS Code\bin;D:\Study\Python\PyCharm\PyCharm Community Edition 2022.1.1\bin;;D:\Study\Python\PyCharm_professional\PyCharm 2021.3.3\bin;;C:\ProgramData\23168\GitHubDesktop\bin;C:\Users\23168\AppData\Roaming\npm;D:\Study\node.js;;.
INFO ReadOnlyZKClient-hadoop102:2181,hadoop103:2181,hadoop104:2181@0x4e4aea35 org.apache.zookeeper.ZooKeeper - Client environment:java.io.tmpdir=C:\Users\23168\AppData\Local\Temp\
INFO ReadOnlyZKClient-hadoop102:2181,hadoop103:2181,hadoop104:2181@0x4e4aea35 org.apache.zookeeper.ZooKeeper - Client environment:java.compiler=<NA>
INFO ReadOnlyZKClient-hadoop102:2181,hadoop103:2181,hadoop104:2181@0x4e4aea35 org.apache.zookeeper.ZooKeeper - Client environment:os.name=Windows 10
INFO ReadOnlyZKClient-hadoop102:2181,hadoop103:2181,hadoop104:2181@0x4e4aea35 org.apache.zookeeper.ZooKeeper - Client environment:os.arch=amd64
INFO ReadOnlyZKClient-hadoop102:2181,hadoop103:2181,hadoop104:2181@0x4e4aea35 org.apache.zookeeper.ZooKeeper - Client environment:os.version=10.0
INFO ReadOnlyZKClient-hadoop102:2181,hadoop103:2181,hadoop104:2181@0x4e4aea35 org.apache.zookeeper.ZooKeeper - Client environment:user.name=23168
INFO ReadOnlyZKClient-hadoop102:2181,hadoop103:2181,hadoop104:2181@0x4e4aea35 org.apache.zookeeper.ZooKeeper - Client environment:user.home=C:\Users\23168
INFO ReadOnlyZKClient-hadoop102:2181,hadoop103:2181,hadoop104:2181@0x4e4aea35 org.apache.zookeeper.ZooKeeper - Client environment:user.dir=C:\Users\23168\IdeaProjects\studt\hbase-demo
INFO ReadOnlyZKClient-hadoop102:2181,hadoop103:2181,hadoop104:2181@0x4e4aea35 org.apache.zookeeper.ZooKeeper - Client environment:os.memory.free=200MB
INFO ReadOnlyZKClient-hadoop102:2181,hadoop103:2181,hadoop104:2181@0x4e4aea35 org.apache.zookeeper.ZooKeeper - Client environment:os.memory.max=3621MB
INFO ReadOnlyZKClient-hadoop102:2181,hadoop103:2181,hadoop104:2181@0x4e4aea35 org.apache.zookeeper.ZooKeeper - Client environment:os.memory.total=245MB
INFO ReadOnlyZKClient-hadoop102:2181,hadoop103:2181,hadoop104:2181@0x4e4aea35 org.apache.zookeeper.ZooKeeper - Initiating client connection, connectString=hadoop102:2181,hadoop103:2181,hadoop104:2181 sessionTimeout=90000 watcher=org.apache.hadoop.hbase.zookeeper.ReadOnlyZKClient$$Lambda$8/273216190@6fe11864
INFO ReadOnlyZKClient-hadoop102:2181,hadoop103:2181,hadoop104:2181@0x4e4aea35 org.apache.zookeeper.common.X509Util - Setting -D jdk.tls.rejectClientInitiatedRenegotiation=true to disable client-initiated TLS renegotiation
INFO ReadOnlyZKClient-hadoop102:2181,hadoop103:2181,hadoop104:2181@0x4e4aea35 org.apache.zookeeper.ClientCnxnSocket - jute.maxbuffer value is 4194304 Bytes
INFO ReadOnlyZKClient-hadoop102:2181,hadoop103:2181,hadoop104:2181@0x4e4aea35 org.apache.zookeeper.ClientCnxn - zookeeper.request.timeout value is 0. feature enabled=
DEBUG ReadOnlyZKClient-hadoop102:2181,hadoop103:2181,hadoop104:2181@0x4e4aea35-SendThread(hadoop103:2181) org.apache.zookeeper.SaslServerPrincipal - Canonicalized address to hadoop103
INFO ReadOnlyZKClient-hadoop102:2181,hadoop103:2181,hadoop104:2181@0x4e4aea35-SendThread(hadoop103:2181) org.apache.zookeeper.ClientCnxn - Opening socket connection to server hadoop103/192.168.10.103:2181. Will not attempt to authenticate using SASL (unknown error)
INFO ReadOnlyZKClient-hadoop102:2181,hadoop103:2181,hadoop104:2181@0x4e4aea35-SendThread(hadoop103:2181) org.apache.zookeeper.ClientCnxn - Socket connection established, initiating session, client: /192.168.10.1:23240, server: hadoop103/192.168.10.103:2181
DEBUG ReadOnlyZKClient-hadoop102:2181,hadoop103:2181,hadoop104:2181@0x4e4aea35-SendThread(hadoop103:2181) org.apache.zookeeper.ClientCnxn - Session establishment request sent on hadoop103/192.168.10.103:2181
INFO ReadOnlyZKClient-hadoop102:2181,hadoop103:2181,hadoop104:2181@0x4e4aea35-SendThread(hadoop103:2181) org.apache.zookeeper.ClientCnxn - Session establishment complete on server hadoop103/192.168.10.103:2181, sessionid = 0x3000002ad8a0016, negotiated timeout = 40000
DEBUG ReadOnlyZKClient-hadoop102:2181,hadoop103:2181,hadoop104:2181@0x4e4aea35-SendThread(hadoop103:2181) org.apache.zookeeper.ClientCnxn - Reading reply sessionid:0x3000002ad8a0016, packet:: clientPath:/hbase/hbaseid serverPath:/hbase/hbaseid finished:false header:: 1,4  replyHeader:: 1,12884902177,0  request:: '/hbase/hbaseid,F  response:: #ffffffff000146d61737465723a31363030305417ffffffbe72ffffff977cffffffffe50425546a2437646231386431372d396139372d346136332d383166612d303930326230623734373563,s{8589934609,12884902106,1663642095410,1664002367165,4,0,0,0,67,0,8589934609} 
DEBUG main org.apache.hbase.thirdparty.io.netty.util.internal.logging.InternalLoggerFactory - Using SLF4J as the default logging framework
DEBUG main org.apache.hbase.thirdparty.io.netty.util.ResourceLeakDetector - -Dorg.apache.hbase.thirdparty.io.netty.leakDetection.level: simple
DEBUG main org.apache.hbase.thirdparty.io.netty.util.ResourceLeakDetector - -Dorg.apache.hbase.thirdparty.io.netty.leakDetection.targetRecords: 4
DEBUG main org.apache.hbase.thirdparty.io.netty.util.ResourceLeakDetectorFactory - Loaded default ResourceLeakDetector: org.apache.hbase.thirdparty.io.netty.util.ResourceLeakDetector@2ea6137
DEBUG main org.apache.hbase.thirdparty.io.netty.util.internal.PlatformDependent0 - -Dio.netty.noUnsafe: false
DEBUG main org.apache.hbase.thirdparty.io.netty.util.internal.PlatformDependent0 - Java version: 8
DEBUG main org.apache.hbase.thirdparty.io.netty.util.internal.PlatformDependent0 - sun.misc.Unsafe.theUnsafe: available
DEBUG main org.apache.hbase.thirdparty.io.netty.util.internal.PlatformDependent0 - sun.misc.Unsafe.copyMemory: available
DEBUG main org.apache.hbase.thirdparty.io.netty.util.internal.PlatformDependent0 - java.nio.Buffer.address: available
DEBUG main org.apache.hbase.thirdparty.io.netty.util.internal.PlatformDependent0 - direct buffer constructor: available
DEBUG main org.apache.hbase.thirdparty.io.netty.util.internal.PlatformDependent0 - java.nio.Bits.unaligned: available, true
DEBUG main org.apache.hbase.thirdparty.io.netty.util.internal.PlatformDependent0 - jdk.internal.misc.Unsafe.allocateUninitializedArray(int): unavailable prior to Java9
DEBUG main org.apache.hbase.thirdparty.io.netty.util.internal.PlatformDependent0 - java.nio.DirectByteBuffer.<init>(long, int): available
DEBUG main org.apache.hbase.thirdparty.io.netty.util.internal.PlatformDependent - sun.misc.Unsafe: available
DEBUG main org.apache.hbase.thirdparty.io.netty.util.internal.PlatformDependent - -Dio.netty.tmpdir: C:\Users\23168\AppData\Local\Temp (java.io.tmpdir)
DEBUG main org.apache.hbase.thirdparty.io.netty.util.internal.PlatformDependent - -Dio.netty.bitMode: 64 (sun.arch.data.model)
DEBUG main org.apache.hbase.thirdparty.io.netty.util.internal.PlatformDependent - Platform: Windows
DEBUG main org.apache.hbase.thirdparty.io.netty.util.internal.PlatformDependent - -Dio.netty.maxDirectMemory: 3797417984 bytes
DEBUG main org.apache.hbase.thirdparty.io.netty.util.internal.PlatformDependent - -Dio.netty.uninitializedArrayAllocationThreshold: -1
DEBUG main org.apache.hbase.thirdparty.io.netty.util.internal.CleanerJava6 - java.nio.ByteBuffer.cleaner(): available
DEBUG main org.apache.hbase.thirdparty.io.netty.util.internal.PlatformDependent - -Dio.netty.noPreferDirect: false
DEBUG main org.apache.hbase.thirdparty.io.netty.util.internal.PlatformDependent - org.jctools-core.MpscChunkedArrayQueue: available
DEBUG main org.apache.hadoop.hbase.util.ClassSize - Using Unsafe to estimate memory layout
DEBUG main org.apache.hadoop.hbase.ipc.AbstractRpcClient - Codec=org.apache.hadoop.hbase.codec.KeyValueCodec@4e91d63f, compressor=null, tcpKeepAlive=true, tcpNoDelay=true, connectTO=10000, readTO=20000, writeTO=60000, minIdleTimeBeforeClose=120000, maxRetries=0, fallbackAllowed=false, bind address=null
DEBUG main org.apache.hbase.thirdparty.io.netty.channel.MultithreadEventLoopGroup - -Dio.netty.eventLoopThreads: 24
DEBUG main org.apache.hbase.thirdparty.io.netty.util.internal.InternalThreadLocalMap - -Dio.netty.threadLocalMap.stringBuilder.initialSize: 1024
DEBUG main org.apache.hbase.thirdparty.io.netty.util.internal.InternalThreadLocalMap - -Dio.netty.threadLocalMap.stringBuilder.maxSize: 4096
DEBUG main org.apache.hbase.thirdparty.io.netty.channel.nio.NioEventLoop - -Dio.netty.noKeySetOptimization: false
DEBUG main org.apache.hbase.thirdparty.io.netty.channel.nio.NioEventLoop - -Dio.netty.selectorAutoRebuildThreshold: 512
DEBUG ReadOnlyZKClient-hadoop102:2181,hadoop103:2181,hadoop104:2181@0x4e4aea35-SendThread(hadoop103:2181) org.apache.zookeeper.ClientCnxn - Reading reply sessionid:0x3000002ad8a0016, packet:: clientPath:/hbase serverPath:/hbase finished:false header:: 2,8  replyHeader:: 2,12884902177,0  request:: '/hbase,F  response:: v{'meta-region-server,'rs,'splitWAL,'backup-masters,'flush-table-proc,'master-maintenance,'online-snapshot,'switch,'master,'running,'draining,'namespace,'hbaseid,'table} 
DEBUG ReadOnlyZKClient-hadoop102:2181,hadoop103:2181,hadoop104:2181@0x4e4aea35-SendThread(hadoop103:2181) org.apache.zookeeper.ClientCnxn - Reading reply sessionid:0x3000002ad8a0016, packet:: clientPath:/hbase/meta-region-server serverPath:/hbase/meta-region-server finished:false header:: 3,4  replyHeader:: 3,12884902177,0  request:: '/hbase/meta-region-server,F  response:: #ffffffff000146d61737465723a313630303017fffffff942fffffffb70ffffffa11fffffff9150425546a15a96861646f6f7031303410ffffff947d18ffffff99ffffffa0ffffff94fffffff2ffffffb630100183,s{8589934644,12884902124,1663642099717,1664002377795,12,0,0,0,56,0,8589934644} 
DEBUG hconnection-0x393671df-metaLookup-shared--pool-0 org.apache.hadoop.hbase.ipc.RpcConnection - Using SIMPLE authentication for service=ClientService, sasl=false
DEBUG hconnection-0x393671df-metaLookup-shared--pool-0 org.apache.hbase.thirdparty.io.netty.buffer.AbstractByteBuf - -Dorg.apache.hbase.thirdparty.io.netty.buffer.checkAccessible: true
DEBUG hconnection-0x393671df-metaLookup-shared--pool-0 org.apache.hbase.thirdparty.io.netty.buffer.AbstractByteBuf - -Dorg.apache.hbase.thirdparty.io.netty.buffer.checkBounds: true
DEBUG hconnection-0x393671df-metaLookup-shared--pool-0 org.apache.hbase.thirdparty.io.netty.util.ResourceLeakDetectorFactory - Loaded default ResourceLeakDetector: org.apache.hbase.thirdparty.io.netty.util.ResourceLeakDetector@21dbb9fb
DEBUG RPCClient-NioEventLoopGroup-1-1 org.apache.hbase.thirdparty.io.netty.channel.DefaultChannelId - -Dio.netty.processId: 26908 (auto-detected)
DEBUG RPCClient-NioEventLoopGroup-1-1 org.apache.hbase.thirdparty.io.netty.util.NetUtil - -Djava.net.preferIPv4Stack: false
DEBUG RPCClient-NioEventLoopGroup-1-1 org.apache.hbase.thirdparty.io.netty.util.NetUtil - -Djava.net.preferIPv6Addresses: false
DEBUG RPCClient-NioEventLoopGroup-1-1 org.apache.hbase.thirdparty.io.netty.util.NetUtilInitializations - Loopback interface: lo (Software Loopback Interface 1, 127.0.0.1)
DEBUG RPCClient-NioEventLoopGroup-1-1 org.apache.hbase.thirdparty.io.netty.util.NetUtil - Failed to get SOMAXCONN from sysctl and file \proc\sys\net\core\somaxconn. Default: 200
DEBUG RPCClient-NioEventLoopGroup-1-1 org.apache.hbase.thirdparty.io.netty.channel.DefaultChannelId - -Dio.netty.machineId: 8c:c6:81:ff:fe:84:e2:25 (auto-detected)
DEBUG RPCClient-NioEventLoopGroup-1-1 org.apache.hbase.thirdparty.io.netty.buffer.PooledByteBufAllocator - -Dio.netty.allocator.numHeapArenas: 24
DEBUG RPCClient-NioEventLoopGroup-1-1 org.apache.hbase.thirdparty.io.netty.buffer.PooledByteBufAllocator - -Dio.netty.allocator.numDirectArenas: 24
DEBUG RPCClient-NioEventLoopGroup-1-1 org.apache.hbase.thirdparty.io.netty.buffer.PooledByteBufAllocator - -Dio.netty.allocator.pageSize: 8192
DEBUG RPCClient-NioEventLoopGroup-1-1 org.apache.hbase.thirdparty.io.netty.buffer.PooledByteBufAllocator - -Dio.netty.allocator.maxOrder: 11
DEBUG RPCClient-NioEventLoopGroup-1-1 org.apache.hbase.thirdparty.io.netty.buffer.PooledByteBufAllocator - -Dio.netty.allocator.chunkSize: 16777216
DEBUG RPCClient-NioEventLoopGroup-1-1 org.apache.hbase.thirdparty.io.netty.buffer.PooledByteBufAllocator - -Dio.netty.allocator.smallCacheSize: 256
DEBUG RPCClient-NioEventLoopGroup-1-1 org.apache.hbase.thirdparty.io.netty.buffer.PooledByteBufAllocator - -Dio.netty.allocator.normalCacheSize: 64
DEBUG RPCClient-NioEventLoopGroup-1-1 org.apache.hbase.thirdparty.io.netty.buffer.PooledByteBufAllocator - -Dio.netty.allocator.maxCachedBufferCapacity: 32768
DEBUG RPCClient-NioEventLoopGroup-1-1 org.apache.hbase.thirdparty.io.netty.buffer.PooledByteBufAllocator - -Dio.netty.allocator.cacheTrimInterval: 8192
DEBUG RPCClient-NioEventLoopGroup-1-1 org.apache.hbase.thirdparty.io.netty.buffer.PooledByteBufAllocator - -Dio.netty.allocator.cacheTrimIntervalMillis: 0
DEBUG RPCClient-NioEventLoopGroup-1-1 org.apache.hbase.thirdparty.io.netty.buffer.PooledByteBufAllocator - -Dio.netty.allocator.useCacheForAllThreads: true
DEBUG RPCClient-NioEventLoopGroup-1-1 org.apache.hbase.thirdparty.io.netty.buffer.PooledByteBufAllocator - -Dio.netty.allocator.maxCachedByteBuffersPerChunk: 1023
DEBUG RPCClient-NioEventLoopGroup-1-1 org.apache.hbase.thirdparty.io.netty.buffer.ByteBufUtil - -Dio.netty.allocator.type: pooled
DEBUG RPCClient-NioEventLoopGroup-1-1 org.apache.hbase.thirdparty.io.netty.buffer.ByteBufUtil - -Dio.netty.threadLocalDirectBufferSize: 0
DEBUG RPCClient-NioEventLoopGroup-1-1 org.apache.hbase.thirdparty.io.netty.buffer.ByteBufUtil - -Dio.netty.maxThreadLocalCharBufferSize: 16384
DEBUG RPCClient-NioEventLoopGroup-1-1 org.apache.hbase.thirdparty.io.netty.util.Recycler - -Dio.netty.recycler.maxCapacityPerThread: 4096
DEBUG RPCClient-NioEventLoopGroup-1-1 org.apache.hbase.thirdparty.io.netty.util.Recycler - -Dio.netty.recycler.maxSharedCapacityFactor: 2
DEBUG RPCClient-NioEventLoopGroup-1-1 org.apache.hbase.thirdparty.io.netty.util.Recycler - -Dio.netty.recycler.linkCapacity: 16
DEBUG RPCClient-NioEventLoopGroup-1-1 org.apache.hbase.thirdparty.io.netty.util.Recycler - -Dio.netty.recycler.ratio: 8
DEBUG RPCClient-NioEventLoopGroup-1-1 org.apache.hbase.thirdparty.io.netty.util.Recycler - -Dio.netty.recycler.delayedQueue.ratio: 8
DEBUG hconnection-0x393671df-shared-pool-0 org.apache.hadoop.hbase.ipc.RpcConnection - Using SIMPLE authentication for service=ClientService, sasl=false
DEBUG main org.apache.hadoop.hbase.zookeeper.ReadOnlyZKClient - Close zookeeper connection 0x4e4aea35 to hadoop102:2181,hadoop103:2181,hadoop104:2181
DEBUG main org.apache.hadoop.hbase.ipc.AbstractRpcClient - Stopping rpc client
DEBUG ReadOnlyZKClient-hadoop102:2181,hadoop103:2181,hadoop104:2181@0x4e4aea35 org.apache.zookeeper.ZooKeeper - Closing session: 0x3000002ad8a0016
DEBUG ReadOnlyZKClient-hadoop102:2181,hadoop103:2181,hadoop104:2181@0x4e4aea35 org.apache.zookeeper.ClientCnxn - Closing client for session: 0x3000002ad8a0016
DEBUG main org.apache.hadoop.security.Groups -  Creating new Groups object
DEBUG main org.apache.hadoop.util.NativeCodeLoader - Trying to load the custom-built native-hadoop library...
DEBUG main org.apache.hadoop.util.NativeCodeLoader - Loaded the native-hadoop library
DEBUG main org.apache.hadoop.security.JniBasedUnixGroupsMapping - Using JniBasedUnixGroupsMapping for Group resolution
DEBUG main org.apache.hadoop.security.JniBasedUnixGroupsMappingWithFallback - Group mapping impl=org.apache.hadoop.security.JniBasedUnixGroupsMapping
DEBUG main org.apache.hadoop.security.Groups - Group mapping impl=org.apache.hadoop.security.JniBasedUnixGroupsMappingWithFallback; cacheTimeout=300000; warningDeltaMs=5000
DEBUG main org.apache.hadoop.metrics2.lib.MutableMetricsFactory - field org.apache.hadoop.metrics2.lib.MutableRate org.apache.hadoop.security.UserGroupInformation$UgiMetrics.loginSuccess with annotation @org.apache.hadoop.metrics2.annotation.Metric(sampleName=Ops, always=false, valueName=Time, about=, interval=10, type=DEFAULT, value=[Rate of successful kerberos logins and latency (milliseconds)])
DEBUG main org.apache.hadoop.metrics2.lib.MutableMetricsFactory - field org.apache.hadoop.metrics2.lib.MutableRate org.apache.hadoop.security.UserGroupInformation$UgiMetrics.loginFailure with annotation @org.apache.hadoop.metrics2.annotation.Metric(sampleName=Ops, always=false, valueName=Time, about=, interval=10, type=DEFAULT, value=[Rate of failed kerberos logins and latency (milliseconds)])
DEBUG main org.apache.hadoop.metrics2.lib.MutableMetricsFactory - field org.apache.hadoop.metrics2.lib.MutableRate org.apache.hadoop.security.UserGroupInformation$UgiMetrics.getGroups with annotation @org.apache.hadoop.metrics2.annotation.Metric(sampleName=Ops, always=false, valueName=Time, about=, interval=10, type=DEFAULT, value=[GetGroups])
DEBUG main org.apache.hadoop.metrics2.lib.MutableMetricsFactory - field private org.apache.hadoop.metrics2.lib.MutableGaugeLong org.apache.hadoop.security.UserGroupInformation$UgiMetrics.renewalFailuresTotal with annotation @org.apache.hadoop.metrics2.annotation.Metric(sampleName=Ops, always=false, valueName=Time, about=, interval=10, type=DEFAULT, value=[Renewal failures since startup])
DEBUG main org.apache.hadoop.metrics2.lib.MutableMetricsFactory - field private org.apache.hadoop.metrics2.lib.MutableGaugeInt org.apache.hadoop.security.UserGroupInformation$UgiMetrics.renewalFailures with annotation @org.apache.hadoop.metrics2.annotation.Metric(sampleName=Ops, always=false, valueName=Time, about=, interval=10, type=DEFAULT, value=[Renewal failures since last successful login])
DEBUG main org.apache.hadoop.metrics2.impl.MetricsSystemImpl - UgiMetrics, User and group related metrics
DEBUG main org.apache.hadoop.security.SecurityUtil - Setting hadoop.security.token.service.use_ip to true
DEBUG main org.apache.hadoop.security.authentication.util.KerberosName - Kerberos krb5 configuration not found, setting default realm to empty
DEBUG main org.apache.hadoop.security.UserGroupInformation - hadoop login
DEBUG main org.apache.hadoop.security.UserGroupInformation - hadoop login commit
DEBUG main org.apache.hadoop.security.UserGroupInformation - using local user:NTUserPrincipal: 23168
DEBUG main org.apache.hadoop.security.UserGroupInformation - Using user: "NTUserPrincipal: 23168" with name 23168
DEBUG main org.apache.hadoop.security.UserGroupInformation - User entry: "23168"
DEBUG main org.apache.hadoop.security.UserGroupInformation - Assuming keytab is managed externally since logged in from subject.
DEBUG main org.apache.hadoop.security.UserGroupInformation - UGI loginUser:23168 (auth:SIMPLE)
DEBUG main org.apache.hadoop.security.UserGroupInformation - PrivilegedAction as:23168 (auth:SIMPLE) from:org.apache.hadoop.hbase.security.User$SecureHadoopUser.runAs(User.java:347)
DEBUG main org.apache.hadoop.hbase.zookeeper.ReadOnlyZKClient - Connect 0x4e4aea35 to hadoop102:2181,hadoop103:2181,hadoop104:2181 with session timeout=90000ms, retries 30, retry interval 1000ms, keepAlive=60000ms
INFO ReadOnlyZKClient-hadoop102:2181,hadoop103:2181,hadoop104:2181@0x4e4aea35 org.apache.zookeeper.ZooKeeper - Client environment:zookeeper.version=3.5.7-f0fdd52973d373ffd9c86b81d99842dc2c7f660e, built on 02/10/2020 11:30 GMT
INFO ReadOnlyZKClient-hadoop102:2181,hadoop103:2181,hadoop104:2181@0x4e4aea35 org.apache.zookeeper.ZooKeeper - Client environment:host.name=lei
INFO ReadOnlyZKClient-hadoop102:2181,hadoop103:2181,hadoop104:2181@0x4e4aea35 org.apache.zookeeper.ZooKeeper - Client environment:java.version=1.8.0_332
INFO ReadOnlyZKClient-hadoop102:2181,hadoop103:2181,hadoop104:2181@0x4e4aea35 org.apache.zookeeper.ZooKeeper - Client environment:java.vendor=Amazon.com Inc.
INFO ReadOnlyZKClient-hadoop102:2181,hadoop103:2181,hadoop104:2181@0x4e4aea35 org.apache.zookeeper.ZooKeeper - Client environment:java.home=C:\Users\23168\.jdks\corretto-1.8.0_332\jre
INFO ReadOnlyZKClient-hadoop102:2181,hadoop103:2181,hadoop104:2181@0x4e4aea35 org.apache.zookeeper.ZooKeeper - Client environment:java.class.path=C:\Users\23168\.jdks\corretto-1.8.0_332\jre\lib\charsets.jar;C:\Users\23168\.jdks\corretto-1.8.0_332\jre\lib\ext\access-bridge-64.jar;C:\Users\23168\.jdks\corretto-1.8.0_332\jre\lib\ext\cldrdata.jar;C:\Users\23168\.jdks\corretto-1.8.0_332\jre\lib\ext\dnsns.jar;C:\Users\23168\.jdks\corretto-1.8.0_332\jre\lib\ext\jaccess.jar;C:\Users\23168\.jdks\corretto-1.8.0_332\jre\lib\ext\jfxrt.jar;C:\Users\23168\.jdks\corretto-1.8.0_332\jre\lib\ext\localedata.jar;C:\Users\23168\.jdks\corretto-1.8.0_332\jre\lib\ext\nashorn.jar;C:\Users\23168\.jdks\corretto-1.8.0_332\jre\lib\ext\sunec.jar;C:\Users\23168\.jdks\corretto-1.8.0_332\jre\lib\ext\sunjce_provider.jar;C:\Users\23168\.jdks\corretto-1.8.0_332\jre\lib\ext\sunmscapi.jar;C:\Users\23168\.jdks\corretto-1.8.0_332\jre\lib\ext\sunpkcs11.jar;C:\Users\23168\.jdks\corretto-1.8.0_332\jre\lib\ext\zipfs.jar;C:\Users\23168\.jdks\corretto-1.8.0_332\jre\lib\jce.jar;C:\Users\23168\.jdks\corretto-1.8.0_332\jre\lib\jfr.jar;C:\Users\23168\.jdks\corretto-1.8.0_332\jre\lib\jfxswt.jar;C:\Users\23168\.jdks\corretto-1.8.0_332\jre\lib\jsse.jar;C:\Users\23168\.jdks\corretto-1.8.0_332\jre\lib\management-agent.jar;C:\Users\23168\.jdks\corretto-1.8.0_332\jre\lib\resources.jar;C:\Users\23168\.jdks\corretto-1.8.0_332\jre\lib\rt.jar;C:\Users\23168\IdeaProjects\studt\hbase-demo\target\classes;D:\Study\maven\apache-maven-3.8.3\maven-repository\org\apache\hbase\hbase-client\2.4.11\hbase-client-2.4.11.jar;D:\Study\maven\apache-maven-3.8.3\maven-repository\org\apache\hbase\thirdparty\hbase-shaded-protobuf\3.5.1\hbase-shaded-protobuf-3.5.1.jar;D:\Study\maven\apache-maven-3.8.3\maven-repository\org\apache\hbase\hbase-common\2.4.11\hbase-common-2.4.11.jar;D:\Study\maven\apache-maven-3.8.3\maven-repository\org\apache\hbase\hbase-logging\2.4.11\hbase-logging-2.4.11.jar;D:\Study\maven\apache-maven-3.8.3\maven-repository\org\apache\hbase\thirdparty\hbase-shaded-gson\3.5.1\hbase-shaded-gson-3.5.1.jar;D:\Study\maven\apache-maven-3.8.3\maven-repository\org\apache\hbase\hbase-hadoop-compat\2.4.11\hbase-hadoop-compat-2.4.11.jar;D:\Study\maven\apache-maven-3.8.3\maven-repository\org\apache\hbase\hbase-metrics-api\2.4.11\hbase-metrics-api-2.4.11.jar;D:\Study\maven\apache-maven-3.8.3\maven-repository\org\apache\hbase\hbase-hadoop2-compat\2.4.11\hbase-hadoop2-compat-2.4.11.jar;D:\Study\maven\apache-maven-3.8.3\maven-repository\org\apache\hbase\hbase-metrics\2.4.11\hbase-metrics-2.4.11.jar;D:\Study\maven\apache-maven-3.8.3\maven-repository\javax\activation\javax.activation-api\1.2.0\javax.activation-api-1.2.0.jar;D:\Study\maven\apache-maven-3.8.3\maven-repository\org\apache\hbase\hbase-protocol-shaded\2.4.11\hbase-protocol-shaded-2.4.11.jar;D:\Study\maven\apache-maven-3.8.3\maven-repository\org\apache\hbase\hbase-protocol\2.4.11\hbase-protocol-2.4.11.jar;D:\Study\maven\apache-maven-3.8.3\maven-repository\javax\annotation\javax.annotation-api\1.2\javax.annotation-api-1.2.jar;D:\Study\maven\apache-maven-3.8.3\maven-repository\commons-codec\commons-codec\1.13\commons-codec-1.13.jar;D:\Study\maven\apache-maven-3.8.3\maven-repository\commons-io\commons-io\2.11.0\commons-io-2.11.0.jar;D:\Study\maven\apache-maven-3.8.3\maven-repository\org\apache\commons\commons-lang3\3.9\commons-lang3-3.9.jar;D:\Study\maven\apache-maven-3.8.3\maven-repository\org\slf4j\slf4j-api\1.7.33\slf4j-api-1.7.33.jar;D:\Study\maven\apache-maven-3.8.3\maven-repository\org\apache\hbase\thirdparty\hbase-shaded-miscellaneous\3.5.1\hbase-shaded-miscellaneous-3.5.1.jar;D:\Study\maven\apache-maven-3.8.3\maven-repository\com\google\errorprone\error_prone_annotations\2.7.1\error_prone_annotations-2.7.1.jar;D:\Study\maven\apache-maven-3.8.3\maven-repository\com\google\protobuf\protobuf-java\2.5.0\protobuf-java-2.5.0.jar;D:\Study\maven\apache-maven-3.8.3\maven-repository\org\apache\hbase\thirdparty\hbase-shaded-netty\3.5.1\hbase-shaded-netty-3.5.1.jar;D:\Study\maven\apache-maven-3.8.3\maven-repository\org\apache\zookeeper\zookeeper\3.5.7\zookeeper-3.5.7.jar;D:\Study\maven\apache-maven-3.8.3\maven-repository\org\apache\zookeeper\zookeeper-jute\3.5.7\zookeeper-jute-3.5.7.jar;D:\Study\maven\apache-maven-3.8.3\maven-repository\io\netty\netty-handler\4.1.45.Final\netty-handler-4.1.45.Final.jar;D:\Study\maven\apache-maven-3.8.3\maven-repository\io\netty\netty-common\4.1.45.Final\netty-common-4.1.45.Final.jar;D:\Study\maven\apache-maven-3.8.3\maven-repository\io\netty\netty-buffer\4.1.45.Final\netty-buffer-4.1.45.Final.jar;D:\Study\maven\apache-maven-3.8.3\maven-repository\io\netty\netty-transport\4.1.45.Final\netty-transport-4.1.45.Final.jar;D:\Study\maven\apache-maven-3.8.3\maven-repository\io\netty\netty-resolver\4.1.45.Final\netty-resolver-4.1.45.Final.jar;D:\Study\maven\apache-maven-3.8.3\maven-repository\io\netty\netty-codec\4.1.45.Final\netty-codec-4.1.45.Final.jar;D:\Study\maven\apache-maven-3.8.3\maven-repository\io\netty\netty-transport-native-epoll\4.1.45.Final\netty-transport-native-epoll-4.1.45.Final.jar;D:\Study\maven\apache-maven-3.8.3\maven-repository\io\netty\netty-transport-native-unix-common\4.1.45.Final\netty-transport-native-unix-common-4.1.45.Final.jar;D:\Study\maven\apache-maven-3.8.3\maven-repository\org\apache\htrace\htrace-core4\4.2.0-incubating\htrace-core4-4.2.0-incubating.jar;D:\Study\maven\apache-maven-3.8.3\maven-repository\org\jruby\jcodings\jcodings\1.0.55\jcodings-1.0.55.jar;D:\Study\maven\apache-maven-3.8.3\maven-repository\org\jruby\joni\joni\2.1.31\joni-2.1.31.jar;D:\Study\maven\apache-maven-3.8.3\maven-repository\io\dropwizard\metrics\metrics-core\3.2.6\metrics-core-3.2.6.jar;D:\Study\maven\apache-maven-3.8.3\maven-repository\org\apache\commons\commons-crypto\1.0.0\commons-crypto-1.0.0.jar;D:\Study\maven\apache-maven-3.8.3\maven-repository\org\apache\hadoop\hadoop-auth\2.10.0\hadoop-auth-2.10.0.jar;D:\Study\maven\apache-maven-3.8.3\maven-repository\org\apache\httpcomponents\httpclient\4.5.2\httpclient-4.5.2.jar;D:\Study\maven\apache-maven-3.8.3\maven-repository\org\apache\httpcomponents\httpcore\4.4.4\httpcore-4.4.4.jar;D:\Study\maven\apache-maven-3.8.3\maven-repository\com\nimbusds\nimbus-jose-jwt\4.41.1\nimbus-jose-jwt-4.41.1.jar;D:\Study\maven\apache-maven-3.8.3\maven-repository\com\github\stephenc\jcip\jcip-annotations\1.0-1\jcip-annotations-1.0-1.jar;D:\Study\maven\apache-maven-3.8.3\maven-repository\org\apache\directory\server\apacheds-kerberos-codec\2.0.0-M15\apacheds-kerberos-codec-2.0.0-M15.jar;D:\Study\maven\apache-maven-3.8.3\maven-repository\org\apache\directory\server\apacheds-i18n\2.0.0-M15\apacheds-i18n-2.0.0-M15.jar;D:\Study\maven\apache-maven-3.8.3\maven-repository\org\apache\directory\api\api-asn1-api\1.0.0-M20\api-asn1-api-1.0.0-M20.jar;D:\Study\maven\apache-maven-3.8.3\maven-repository\org\apache\directory\api\api-util\1.0.0-M20\api-util-1.0.0-M20.jar;D:\Study\maven\apache-maven-3.8.3\maven-repository\org\apache\curator\curator-framework\2.7.1\curator-framework-2.7.1.jar;D:\Study\maven\apache-maven-3.8.3\maven-repository\org\apache\hadoop\hadoop-common\2.10.0\hadoop-common-2.10.0.jar;D:\Study\maven\apache-maven-3.8.3\maven-repository\org\apache\hadoop\hadoop-annotations\2.10.0\hadoop-annotations-2.10.0.jar;D:\Study\maven\apache-maven-3.8.3\maven-repository\com\google\guava\guava\11.0.2\guava-11.0.2.jar;D:\Study\maven\apache-maven-3.8.3\maven-repository\commons-cli\commons-cli\1.2\commons-cli-1.2.jar;D:\Study\maven\apache-maven-3.8.3\maven-repository\org\apache\commons\commons-math3\3.1.1\commons-math3-3.1.1.jar;D:\Study\maven\apache-maven-3.8.3\maven-repository\xmlenc\xmlenc\0.52\xmlenc-0.52.jar;D:\Study\maven\apache-maven-3.8.3\maven-repository\commons-net\commons-net\3.1\commons-net-3.1.jar;D:\Study\maven\apache-maven-3.8.3\maven-repository\commons-collections\commons-collections\3.2.2\commons-collections-3.2.2.jar;D:\Study\maven\apache-maven-3.8.3\maven-repository\org\mortbay\jetty\jetty-sslengine\6.1.26\jetty-sslengine-6.1.26.jar;D:\Study\maven\apache-maven-3.8.3\maven-repository\commons-logging\commons-logging\1.1.3\commons-logging-1.1.3.jar;D:\Study\maven\apache-maven-3.8.3\maven-repository\log4j\log4j\1.2.17\log4j-1.2.17.jar;D:\Study\maven\apache-maven-3.8.3\maven-repository\commons-lang\commons-lang\2.6\commons-lang-2.6.jar;D:\Study\maven\apache-maven-3.8.3\maven-repository\commons-configuration\commons-configuration\1.6\commons-configuration-1.6.jar;D:\Study\maven\apache-maven-3.8.3\maven-repository\commons-digester\commons-digester\1.8\commons-digester-1.8.jar;D:\Study\maven\apache-maven-3.8.3\maven-repository\commons-beanutils\commons-beanutils\1.9.4\commons-beanutils-1.9.4.jar;D:\Study\maven\apache-maven-3.8.3\maven-repository\org\slf4j\slf4j-log4j12\1.7.25\slf4j-log4j12-1.7.25.jar;D:\Study\maven\apache-maven-3.8.3\maven-repository\org\codehaus\jackson\jackson-core-asl\1.9.13\jackson-core-asl-1.9.13.jar;D:\Study\maven\apache-maven-3.8.3\maven-repository\org\codehaus\jackson\jackson-mapper-asl\1.9.13\jackson-mapper-asl-1.9.13.jar;D:\Study\maven\apache-maven-3.8.3\maven-repository\org\apache\avro\avro\1.7.7\avro-1.7.7.jar;D:\Study\maven\apache-maven-3.8.3\maven-repository\com\thoughtworks\paranamer\paranamer\2.3\paranamer-2.3.jar;D:\Study\maven\apache-maven-3.8.3\maven-repository\org\xerial\snappy\snappy-java\1.0.5\snappy-java-1.0.5.jar;D:\Study\maven\apache-maven-3.8.3\maven-repository\com\google\code\gson\gson\2.2.4\gson-2.2.4.jar;D:\Study\maven\apache-maven-3.8.3\maven-repository\com\jcraft\jsch\0.1.54\jsch-0.1.54.jar;D:\Study\maven\apache-maven-3.8.3\maven-repository\org\apache\curator\curator-client\2.7.1\curator-client-2.7.1.jar;D:\Study\maven\apache-maven-3.8.3\maven-repository\org\apache\curator\curator-recipes\2.7.1\curator-recipes-2.7.1.jar;D:\Study\maven\apache-maven-3.8.3\maven-repository\com\google\code\findbugs\jsr305\3.0.0\jsr305-3.0.0.jar;D:\Study\maven\apache-maven-3.8.3\maven-repository\org\apache\commons\commons-compress\1.19\commons-compress-1.19.jar;D:\Study\maven\apache-maven-3.8.3\maven-repository\org\codehaus\woodstox\stax2-api\3.1.4\stax2-api-3.1.4.jar;D:\Study\maven\apache-maven-3.8.3\maven-repository\com\fasterxml\woodstox\woodstox-core\5.0.3\woodstox-core-5.0.3.jar;D:\Study\maven\apache-maven-3.8.3\maven-repository\org\apache\yetus\audience-annotations\0.5.0\audience-annotations-0.5.0.jar;D:\Study\maven\apache-maven-3.8.3\maven-repository\org\mybatis\mybatis\3.5.5\mybatis-3.5.5.jar;D:\Study\maven\apache-maven-3.8.3\maven-repository\mysql\mysql-connector-java\5.1.34\mysql-connector-java-5.1.34.jar;D:\Study\maven\apache-maven-3.8.3\maven-repository\com\alibaba\fastjson\1.2.62\fastjson-1.2.62.jar;D:\Study\IDEA_EE\IntelliJ IDEA 2021.2.3\lib\idea_rt.jar
INFO ReadOnlyZKClient-hadoop102:2181,hadoop103:2181,hadoop104:2181@0x4e4aea35 org.apache.zookeeper.ZooKeeper - Client environment:java.library.path=C:\Users\23168\.jdks\corretto-1.8.0_332\bin;C:\WINDOWS\Sun\Java\bin;C:\WINDOWS\system32;C:\WINDOWS;C:\Program Files (x86)\Common Files\Intel\Shared Libraries\redist\intel64\compiler;D:\Python\Scripts\;D:\Python\;C:\Program Files\Common Files\Oracle\Java\javapath;D:\Study\jdk\javajdk\\bin;C:\Windows\system32;C:\Windows;C:\Windows\System32\Wbem;C:\Windows\System32\WindowsPowerShell\v1.0\;C:\Windows\System32\OpenSSH\;C:\Program Files (x86)\NVIDIA Corporation\PhysX\Common;C:\Program Files\NVIDIA Corporation\NVIDIA NvDLISR;C:\WINDOWS\system32;C:\WINDOWS;C:\WINDOWS\System32\Wbem;C:\WINDOWS\System32\WindowsPowerShell\v1.0\;C:\WINDOWS\System32\OpenSSH\;C:\Program Files\dotnet\;C:\Program Files\Microsoft SQL Server\130\Tools\Binn\;C:\Program Files\Microsoft SQL Server\Client SDK\ODBC\170\Tools\Binn\;D:\Study\Vs Code\mingw64\bin;"D:\Study\jdk\javajdk\\bin;D:\Study\jdk\javajdk\\jre\bin;";";D:\Study\Tomcat 9\bin";D:\Study\MySQL\bin;D:\Study\Git\Git\cmd;D:\Study\maven\apache-maven-3.8.3\bin;D:\Study\wechat\微信web开发者工具\dll;C:\Program Files (x86)\Microsoft SQL Server\110\DTS\Binn\;C:\Program Files (x86)\Microsoft SQL Server\110\Tools\Binn\;C:\Program Files (x86)\Microsoft SQL Server\110\Tools\Binn\ManagementStudio\;C:\Program Files (x86)\Microsoft Visual Studio 10.0\Common7\IDE\PrivateAssemblies\;D:\Study\mysql\bin;D:\Study\Android\SDK\platform-tools;D:\Study\Python;D:\Study\Python\Scripts;D:\Study\node.js\;D:\Download\EasyShare\x86\;D:\Download\EasyShare\x64\;D:\Study\Xshell\;D:\Study\Hadoop\hadoop-3.2.0\bin;C:\Program Files\Microsoft SQL Server\110\Tools\Binn\;C:\Users\23168\AppData\Local\Microsoft\WindowsApps;C:\Program Files\Bandizip\;D:\Study\IDEA_EE\IntelliJ IDEA 2021.2.3\bin;;D:\IDEA\IntelliJ IDEA Community Edition 2021.2.1\bin;;C:\Users\23168\.dotnet\tools;D:\LLVm\bin;D:\Study\jdk\javajdk\\jre\bin;D:\Study\jdk\javajdk\\bin;D:\Study\maven\apache-maven-3.8.3\bin;D:\Study\maven\apache-maven-3.8.3\bin;C:\Users\23168\AppData\Local\Programs\Microsoft VS Code\bin;C:\Users\23168\AppData\Local\Android\Sdk\tools;C:\Users\23168\AppData\Local\GitHubDesktop\bin;D:\Study\VsCode\Microsoft VS Code\bin;D:\Study\Python\PyCharm\PyCharm Community Edition 2022.1.1\bin;;D:\Study\Python\PyCharm_professional\PyCharm 2021.3.3\bin;;C:\ProgramData\23168\GitHubDesktop\bin;C:\Users\23168\AppData\Roaming\npm;D:\Study\node.js;;.
INFO ReadOnlyZKClient-hadoop102:2181,hadoop103:2181,hadoop104:2181@0x4e4aea35 org.apache.zookeeper.ZooKeeper - Client environment:java.io.tmpdir=C:\Users\23168\AppData\Local\Temp\
INFO ReadOnlyZKClient-hadoop102:2181,hadoop103:2181,hadoop104:2181@0x4e4aea35 org.apache.zookeeper.ZooKeeper - Client environment:java.compiler=<NA>
INFO ReadOnlyZKClient-hadoop102:2181,hadoop103:2181,hadoop104:2181@0x4e4aea35 org.apache.zookeeper.ZooKeeper - Client environment:os.name=Windows 10
INFO ReadOnlyZKClient-hadoop102:2181,hadoop103:2181,hadoop104:2181@0x4e4aea35 org.apache.zookeeper.ZooKeeper - Client environment:os.arch=amd64
INFO ReadOnlyZKClient-hadoop102:2181,hadoop103:2181,hadoop104:2181@0x4e4aea35 org.apache.zookeeper.ZooKeeper - Client environment:os.version=10.0
INFO ReadOnlyZKClient-hadoop102:2181,hadoop103:2181,hadoop104:2181@0x4e4aea35 org.apache.zookeeper.ZooKeeper - Client environment:user.name=23168
INFO ReadOnlyZKClient-hadoop102:2181,hadoop103:2181,hadoop104:2181@0x4e4aea35 org.apache.zookeeper.ZooKeeper - Client environment:user.home=C:\Users\23168
INFO ReadOnlyZKClient-hadoop102:2181,hadoop103:2181,hadoop104:2181@0x4e4aea35 org.apache.zookeeper.ZooKeeper - Client environment:user.dir=C:\Users\23168\IdeaProjects\studt\hbase-demo
INFO ReadOnlyZKClient-hadoop102:2181,hadoop103:2181,hadoop104:2181@0x4e4aea35 org.apache.zookeeper.ZooKeeper - Client environment:os.memory.free=200MB
INFO ReadOnlyZKClient-hadoop102:2181,hadoop103:2181,hadoop104:2181@0x4e4aea35 org.apache.zookeeper.ZooKeeper - Client environment:os.memory.max=3621MB
INFO ReadOnlyZKClient-hadoop102:2181,hadoop103:2181,hadoop104:2181@0x4e4aea35 org.apache.zookeeper.ZooKeeper - Client environment:os.memory.total=245MB
INFO ReadOnlyZKClient-hadoop102:2181,hadoop103:2181,hadoop104:2181@0x4e4aea35 org.apache.zookeeper.ZooKeeper - Initiating client connection, connectString=hadoop102:2181,hadoop103:2181,hadoop104:2181 sessionTimeout=90000 watcher=org.apache.hadoop.hbase.zookeeper.ReadOnlyZKClient$$Lambda$8/1106199085@1cabfa33
INFO ReadOnlyZKClient-hadoop102:2181,hadoop103:2181,hadoop104:2181@0x4e4aea35 org.apache.zookeeper.common.X509Util - Setting -D jdk.tls.rejectClientInitiatedRenegotiation=true to disable client-initiated TLS renegotiation
INFO ReadOnlyZKClient-hadoop102:2181,hadoop103:2181,hadoop104:2181@0x4e4aea35 org.apache.zookeeper.ClientCnxnSocket - jute.maxbuffer value is 4194304 Bytes
INFO ReadOnlyZKClient-hadoop102:2181,hadoop103:2181,hadoop104:2181@0x4e4aea35 org.apache.zookeeper.ClientCnxn - zookeeper.request.timeout value is 0. feature enabled=
DEBUG ReadOnlyZKClient-hadoop102:2181,hadoop103:2181,hadoop104:2181@0x4e4aea35-SendThread(hadoop104:2181) org.apache.zookeeper.SaslServerPrincipal - Canonicalized address to hadoop104
INFO ReadOnlyZKClient-hadoop102:2181,hadoop103:2181,hadoop104:2181@0x4e4aea35-SendThread(hadoop104:2181) org.apache.zookeeper.ClientCnxn - Opening socket connection to server hadoop104/192.168.10.104:2181. Will not attempt to authenticate using SASL (unknown error)
INFO ReadOnlyZKClient-hadoop102:2181,hadoop103:2181,hadoop104:2181@0x4e4aea35-SendThread(hadoop104:2181) org.apache.zookeeper.ClientCnxn - Socket connection established, initiating session, client: /192.168.10.1:23331, server: hadoop104/192.168.10.104:2181
DEBUG ReadOnlyZKClient-hadoop102:2181,hadoop103:2181,hadoop104:2181@0x4e4aea35-SendThread(hadoop104:2181) org.apache.zookeeper.ClientCnxn - Session establishment request sent on hadoop104/192.168.10.104:2181
INFO ReadOnlyZKClient-hadoop102:2181,hadoop103:2181,hadoop104:2181@0x4e4aea35-SendThread(hadoop104:2181) org.apache.zookeeper.ClientCnxn - Session establishment complete on server hadoop104/192.168.10.104:2181, sessionid = 0x400000cddd20014, negotiated timeout = 40000
DEBUG ReadOnlyZKClient-hadoop102:2181,hadoop103:2181,hadoop104:2181@0x4e4aea35-SendThread(hadoop104:2181) org.apache.zookeeper.ClientCnxn - Reading reply sessionid:0x400000cddd20014, packet:: clientPath:/hbase/hbaseid serverPath:/hbase/hbaseid finished:false header:: 1,4  replyHeader:: 1,12884902180,0  request:: '/hbase/hbaseid,F  response:: #ffffffff000146d61737465723a31363030305417ffffffbe72ffffff977cffffffffe50425546a2437646231386431372d396139372d346136332d383166612d303930326230623734373563,s{8589934609,12884902106,1663642095410,1664002367165,4,0,0,0,67,0,8589934609} 
DEBUG main org.apache.hbase.thirdparty.io.netty.util.internal.logging.InternalLoggerFactory - Using SLF4J as the default logging framework
DEBUG main org.apache.hbase.thirdparty.io.netty.util.ResourceLeakDetector - -Dorg.apache.hbase.thirdparty.io.netty.leakDetection.level: simple
DEBUG main org.apache.hbase.thirdparty.io.netty.util.ResourceLeakDetector - -Dorg.apache.hbase.thirdparty.io.netty.leakDetection.targetRecords: 4
DEBUG main org.apache.hbase.thirdparty.io.netty.util.ResourceLeakDetectorFactory - Loaded default ResourceLeakDetector: org.apache.hbase.thirdparty.io.netty.util.ResourceLeakDetector@2ea6137
DEBUG main org.apache.hbase.thirdparty.io.netty.util.internal.PlatformDependent0 - -Dio.netty.noUnsafe: false
DEBUG main org.apache.hbase.thirdparty.io.netty.util.internal.PlatformDependent0 - Java version: 8
DEBUG main org.apache.hbase.thirdparty.io.netty.util.internal.PlatformDependent0 - sun.misc.Unsafe.theUnsafe: available
DEBUG main org.apache.hbase.thirdparty.io.netty.util.internal.PlatformDependent0 - sun.misc.Unsafe.copyMemory: available
DEBUG main org.apache.hbase.thirdparty.io.netty.util.internal.PlatformDependent0 - java.nio.Buffer.address: available
DEBUG main org.apache.hbase.thirdparty.io.netty.util.internal.PlatformDependent0 - direct buffer constructor: available
DEBUG main org.apache.hbase.thirdparty.io.netty.util.internal.PlatformDependent0 - java.nio.Bits.unaligned: available, true
DEBUG main org.apache.hbase.thirdparty.io.netty.util.internal.PlatformDependent0 - jdk.internal.misc.Unsafe.allocateUninitializedArray(int): unavailable prior to Java9
DEBUG main org.apache.hbase.thirdparty.io.netty.util.internal.PlatformDependent0 - java.nio.DirectByteBuffer.<init>(long, int): available
DEBUG main org.apache.hbase.thirdparty.io.netty.util.internal.PlatformDependent - sun.misc.Unsafe: available
DEBUG main org.apache.hbase.thirdparty.io.netty.util.internal.PlatformDependent - -Dio.netty.tmpdir: C:\Users\23168\AppData\Local\Temp (java.io.tmpdir)
DEBUG main org.apache.hbase.thirdparty.io.netty.util.internal.PlatformDependent - -Dio.netty.bitMode: 64 (sun.arch.data.model)
DEBUG main org.apache.hbase.thirdparty.io.netty.util.internal.PlatformDependent - Platform: Windows
DEBUG main org.apache.hbase.thirdparty.io.netty.util.internal.PlatformDependent - -Dio.netty.maxDirectMemory: 3797417984 bytes
DEBUG main org.apache.hbase.thirdparty.io.netty.util.internal.PlatformDependent - -Dio.netty.uninitializedArrayAllocationThreshold: -1
DEBUG main org.apache.hbase.thirdparty.io.netty.util.internal.CleanerJava6 - java.nio.ByteBuffer.cleaner(): available
DEBUG main org.apache.hbase.thirdparty.io.netty.util.internal.PlatformDependent - -Dio.netty.noPreferDirect: false
DEBUG main org.apache.hbase.thirdparty.io.netty.util.internal.PlatformDependent - org.jctools-core.MpscChunkedArrayQueue: available
DEBUG main org.apache.hadoop.hbase.util.ClassSize - Using Unsafe to estimate memory layout
DEBUG main org.apache.hadoop.hbase.ipc.AbstractRpcClient - Codec=org.apache.hadoop.hbase.codec.KeyValueCodec@4e91d63f, compressor=null, tcpKeepAlive=true, tcpNoDelay=true, connectTO=10000, readTO=20000, writeTO=60000, minIdleTimeBeforeClose=120000, maxRetries=0, fallbackAllowed=false, bind address=null
DEBUG main org.apache.hbase.thirdparty.io.netty.channel.MultithreadEventLoopGroup - -Dio.netty.eventLoopThreads: 24
DEBUG main org.apache.hbase.thirdparty.io.netty.util.internal.InternalThreadLocalMap - -Dio.netty.threadLocalMap.stringBuilder.initialSize: 1024
DEBUG main org.apache.hbase.thirdparty.io.netty.util.internal.InternalThreadLocalMap - -Dio.netty.threadLocalMap.stringBuilder.maxSize: 4096
DEBUG main org.apache.hbase.thirdparty.io.netty.channel.nio.NioEventLoop - -Dio.netty.noKeySetOptimization: false
DEBUG main org.apache.hbase.thirdparty.io.netty.channel.nio.NioEventLoop - -Dio.netty.selectorAutoRebuildThreshold: 512
DEBUG ReadOnlyZKClient-hadoop102:2181,hadoop103:2181,hadoop104:2181@0x4e4aea35-SendThread(hadoop104:2181) org.apache.zookeeper.ClientCnxn - Reading reply sessionid:0x400000cddd20014, packet:: clientPath:/hbase serverPath:/hbase finished:false header:: 2,8  replyHeader:: 2,12884902180,0  request:: '/hbase,F  response:: v{'meta-region-server,'rs,'splitWAL,'backup-masters,'flush-table-proc,'master-maintenance,'online-snapshot,'switch,'master,'running,'draining,'namespace,'hbaseid,'table} 
DEBUG ReadOnlyZKClient-hadoop102:2181,hadoop103:2181,hadoop104:2181@0x4e4aea35-SendThread(hadoop104:2181) org.apache.zookeeper.ClientCnxn - Reading reply sessionid:0x400000cddd20014, packet:: clientPath:/hbase/meta-region-server serverPath:/hbase/meta-region-server finished:false header:: 3,4  replyHeader:: 3,12884902180,0  request:: '/hbase/meta-region-server,F  response:: #ffffffff000146d61737465723a313630303017fffffff942fffffffb70ffffffa11fffffff9150425546a15a96861646f6f7031303410ffffff947d18ffffff99ffffffa0ffffff94fffffff2ffffffb630100183,s{8589934644,12884902124,1663642099717,1664002377795,12,0,0,0,56,0,8589934644} 
DEBUG hconnection-0x393671df-metaLookup-shared--pool-0 org.apache.hadoop.hbase.ipc.RpcConnection - Using SIMPLE authentication for service=ClientService, sasl=false
DEBUG hconnection-0x393671df-metaLookup-shared--pool-0 org.apache.hbase.thirdparty.io.netty.buffer.AbstractByteBuf - -Dorg.apache.hbase.thirdparty.io.netty.buffer.checkAccessible: true
DEBUG hconnection-0x393671df-metaLookup-shared--pool-0 org.apache.hbase.thirdparty.io.netty.buffer.AbstractByteBuf - -Dorg.apache.hbase.thirdparty.io.netty.buffer.checkBounds: true
DEBUG hconnection-0x393671df-metaLookup-shared--pool-0 org.apache.hbase.thirdparty.io.netty.util.ResourceLeakDetectorFactory - Loaded default ResourceLeakDetector: org.apache.hbase.thirdparty.io.netty.util.ResourceLeakDetector@9816854
DEBUG RPCClient-NioEventLoopGroup-1-1 org.apache.hbase.thirdparty.io.netty.channel.DefaultChannelId - -Dio.netty.processId: 24412 (auto-detected)
DEBUG RPCClient-NioEventLoopGroup-1-1 org.apache.hbase.thirdparty.io.netty.util.NetUtil - -Djava.net.preferIPv4Stack: false
DEBUG RPCClient-NioEventLoopGroup-1-1 org.apache.hbase.thirdparty.io.netty.util.NetUtil - -Djava.net.preferIPv6Addresses: false
DEBUG RPCClient-NioEventLoopGroup-1-1 org.apache.hbase.thirdparty.io.netty.util.NetUtilInitializations - Loopback interface: lo (Software Loopback Interface 1, 127.0.0.1)
DEBUG RPCClient-NioEventLoopGroup-1-1 org.apache.hbase.thirdparty.io.netty.util.NetUtil - Failed to get SOMAXCONN from sysctl and file \proc\sys\net\core\somaxconn. Default: 200
DEBUG RPCClient-NioEventLoopGroup-1-1 org.apache.hbase.thirdparty.io.netty.channel.DefaultChannelId - -Dio.netty.machineId: 8c:c6:81:ff:fe:84:e2:25 (auto-detected)
DEBUG RPCClient-NioEventLoopGroup-1-1 org.apache.hbase.thirdparty.io.netty.buffer.PooledByteBufAllocator - -Dio.netty.allocator.numHeapArenas: 24
DEBUG RPCClient-NioEventLoopGroup-1-1 org.apache.hbase.thirdparty.io.netty.buffer.PooledByteBufAllocator - -Dio.netty.allocator.numDirectArenas: 24
DEBUG RPCClient-NioEventLoopGroup-1-1 org.apache.hbase.thirdparty.io.netty.buffer.PooledByteBufAllocator - -Dio.netty.allocator.pageSize: 8192
DEBUG RPCClient-NioEventLoopGroup-1-1 org.apache.hbase.thirdparty.io.netty.buffer.PooledByteBufAllocator - -Dio.netty.allocator.maxOrder: 11
DEBUG RPCClient-NioEventLoopGroup-1-1 org.apache.hbase.thirdparty.io.netty.buffer.PooledByteBufAllocator - -Dio.netty.allocator.chunkSize: 16777216
DEBUG RPCClient-NioEventLoopGroup-1-1 org.apache.hbase.thirdparty.io.netty.buffer.PooledByteBufAllocator - -Dio.netty.allocator.smallCacheSize: 256
DEBUG RPCClient-NioEventLoopGroup-1-1 org.apache.hbase.thirdparty.io.netty.buffer.PooledByteBufAllocator - -Dio.netty.allocator.normalCacheSize: 64
DEBUG RPCClient-NioEventLoopGroup-1-1 org.apache.hbase.thirdparty.io.netty.buffer.PooledByteBufAllocator - -Dio.netty.allocator.maxCachedBufferCapacity: 32768
DEBUG RPCClient-NioEventLoopGroup-1-1 org.apache.hbase.thirdparty.io.netty.buffer.PooledByteBufAllocator - -Dio.netty.allocator.cacheTrimInterval: 8192
DEBUG RPCClient-NioEventLoopGroup-1-1 org.apache.hbase.thirdparty.io.netty.buffer.PooledByteBufAllocator - -Dio.netty.allocator.cacheTrimIntervalMillis: 0
DEBUG RPCClient-NioEventLoopGroup-1-1 org.apache.hbase.thirdparty.io.netty.buffer.PooledByteBufAllocator - -Dio.netty.allocator.useCacheForAllThreads: true
DEBUG RPCClient-NioEventLoopGroup-1-1 org.apache.hbase.thirdparty.io.netty.buffer.PooledByteBufAllocator - -Dio.netty.allocator.maxCachedByteBuffersPerChunk: 1023
DEBUG RPCClient-NioEventLoopGroup-1-1 org.apache.hbase.thirdparty.io.netty.buffer.ByteBufUtil - -Dio.netty.allocator.type: pooled
DEBUG RPCClient-NioEventLoopGroup-1-1 org.apache.hbase.thirdparty.io.netty.buffer.ByteBufUtil - -Dio.netty.threadLocalDirectBufferSize: 0
DEBUG RPCClient-NioEventLoopGroup-1-1 org.apache.hbase.thirdparty.io.netty.buffer.ByteBufUtil - -Dio.netty.maxThreadLocalCharBufferSize: 16384
DEBUG RPCClient-NioEventLoopGroup-1-1 org.apache.hbase.thirdparty.io.netty.util.Recycler - -Dio.netty.recycler.maxCapacityPerThread: 4096
DEBUG RPCClient-NioEventLoopGroup-1-1 org.apache.hbase.thirdparty.io.netty.util.Recycler - -Dio.netty.recycler.maxSharedCapacityFactor: 2
DEBUG RPCClient-NioEventLoopGroup-1-1 org.apache.hbase.thirdparty.io.netty.util.Recycler - -Dio.netty.recycler.linkCapacity: 16
DEBUG RPCClient-NioEventLoopGroup-1-1 org.apache.hbase.thirdparty.io.netty.util.Recycler - -Dio.netty.recycler.ratio: 8
DEBUG RPCClient-NioEventLoopGroup-1-1 org.apache.hbase.thirdparty.io.netty.util.Recycler - -Dio.netty.recycler.delayedQueue.ratio: 8
DEBUG hconnection-0x393671df-shared-pool-0 org.apache.hadoop.hbase.ipc.RpcConnection - Using SIMPLE authentication for service=ClientService, sasl=false
DEBUG ReadOnlyZKClient-hadoop102:2181,hadoop103:2181,hadoop104:2181@0x4e4aea35-SendThread(hadoop104:2181) org.apache.zookeeper.ClientCnxn - Got ping response for sessionid: 0x400000cddd20014 after 0ms
DEBUG ReadOnlyZKClient-hadoop102:2181,hadoop103:2181,hadoop104:2181@0x4e4aea35-SendThread(hadoop104:2181) org.apache.zookeeper.ClientCnxn - Got ping response for sessionid: 0x400000cddd20014 after 0ms
DEBUG ReadOnlyZKClient-hadoop102:2181,hadoop103:2181,hadoop104:2181@0x4e4aea35-SendThread(hadoop104:2181) org.apache.zookeeper.ClientCnxn - Got ping response for sessionid: 0x400000cddd20014 after 0ms
DEBUG ReadOnlyZKClient-hadoop102:2181,hadoop103:2181,hadoop104:2181@0x4e4aea35-SendThread(hadoop104:2181) org.apache.zookeeper.ClientCnxn - Got ping response for sessionid: 0x400000cddd20014 after 0ms
DEBUG ReadOnlyZKClient-hadoop102:2181,hadoop103:2181,hadoop104:2181@0x4e4aea35 org.apache.zookeeper.ZooKeeper - Closing session: 0x400000cddd20014
DEBUG ReadOnlyZKClient-hadoop102:2181,hadoop103:2181,hadoop104:2181@0x4e4aea35 org.apache.zookeeper.ClientCnxn - Closing client for session: 0x400000cddd20014
DEBUG ReadOnlyZKClient-hadoop102:2181,hadoop103:2181,hadoop104:2181@0x4e4aea35-SendThread(hadoop104:2181) org.apache.zookeeper.ClientCnxn - Reading reply sessionid:0x400000cddd20014, packet:: clientPath:null serverPath:null finished:false header:: 4,-11  replyHeader:: 4,12884902181,0  request:: null response:: null
DEBUG ReadOnlyZKClient-hadoop102:2181,hadoop103:2181,hadoop104:2181@0x4e4aea35 org.apache.zookeeper.ClientCnxn - Disconnecting client for session: 0x400000cddd20014
INFO ReadOnlyZKClient-hadoop102:2181,hadoop103:2181,hadoop104:2181@0x4e4aea35 org.apache.zookeeper.ZooKeeper - Session: 0x400000cddd20014 closed
INFO ReadOnlyZKClient-hadoop102:2181,hadoop103:2181,hadoop104:2181@0x4e4aea35-EventThread org.apache.zookeeper.ClientCnxn - EventThread shut down for session: 0x400000cddd20014
DEBUG main org.apache.hadoop.security.Groups -  Creating new Groups object
DEBUG main org.apache.hadoop.util.NativeCodeLoader - Trying to load the custom-built native-hadoop library...
DEBUG main org.apache.hadoop.util.NativeCodeLoader - Loaded the native-hadoop library
DEBUG main org.apache.hadoop.security.JniBasedUnixGroupsMapping - Using JniBasedUnixGroupsMapping for Group resolution
DEBUG main org.apache.hadoop.security.JniBasedUnixGroupsMappingWithFallback - Group mapping impl=org.apache.hadoop.security.JniBasedUnixGroupsMapping
DEBUG main org.apache.hadoop.security.Groups - Group mapping impl=org.apache.hadoop.security.JniBasedUnixGroupsMappingWithFallback; cacheTimeout=300000; warningDeltaMs=5000
DEBUG main org.apache.hadoop.metrics2.lib.MutableMetricsFactory - field org.apache.hadoop.metrics2.lib.MutableRate org.apache.hadoop.security.UserGroupInformation$UgiMetrics.loginSuccess with annotation @org.apache.hadoop.metrics2.annotation.Metric(sampleName=Ops, always=false, valueName=Time, about=, interval=10, type=DEFAULT, value=[Rate of successful kerberos logins and latency (milliseconds)])
DEBUG main org.apache.hadoop.metrics2.lib.MutableMetricsFactory - field org.apache.hadoop.metrics2.lib.MutableRate org.apache.hadoop.security.UserGroupInformation$UgiMetrics.loginFailure with annotation @org.apache.hadoop.metrics2.annotation.Metric(sampleName=Ops, always=false, valueName=Time, about=, interval=10, type=DEFAULT, value=[Rate of failed kerberos logins and latency (milliseconds)])
DEBUG main org.apache.hadoop.metrics2.lib.MutableMetricsFactory - field org.apache.hadoop.metrics2.lib.MutableRate org.apache.hadoop.security.UserGroupInformation$UgiMetrics.getGroups with annotation @org.apache.hadoop.metrics2.annotation.Metric(sampleName=Ops, always=false, valueName=Time, about=, interval=10, type=DEFAULT, value=[GetGroups])
DEBUG main org.apache.hadoop.metrics2.lib.MutableMetricsFactory - field private org.apache.hadoop.metrics2.lib.MutableGaugeLong org.apache.hadoop.security.UserGroupInformation$UgiMetrics.renewalFailuresTotal with annotation @org.apache.hadoop.metrics2.annotation.Metric(sampleName=Ops, always=false, valueName=Time, about=, interval=10, type=DEFAULT, value=[Renewal failures since startup])
DEBUG main org.apache.hadoop.metrics2.lib.MutableMetricsFactory - field private org.apache.hadoop.metrics2.lib.MutableGaugeInt org.apache.hadoop.security.UserGroupInformation$UgiMetrics.renewalFailures with annotation @org.apache.hadoop.metrics2.annotation.Metric(sampleName=Ops, always=false, valueName=Time, about=, interval=10, type=DEFAULT, value=[Renewal failures since last successful login])
DEBUG main org.apache.hadoop.metrics2.impl.MetricsSystemImpl - UgiMetrics, User and group related metrics
DEBUG main org.apache.hadoop.security.SecurityUtil - Setting hadoop.security.token.service.use_ip to true
DEBUG main org.apache.hadoop.security.authentication.util.KerberosName - Kerberos krb5 configuration not found, setting default realm to empty
DEBUG main org.apache.hadoop.security.UserGroupInformation - hadoop login
DEBUG main org.apache.hadoop.security.UserGroupInformation - hadoop login commit
DEBUG main org.apache.hadoop.security.UserGroupInformation - using local user:NTUserPrincipal: 23168
DEBUG main org.apache.hadoop.security.UserGroupInformation - Using user: "NTUserPrincipal: 23168" with name 23168
DEBUG main org.apache.hadoop.security.UserGroupInformation - User entry: "23168"
DEBUG main org.apache.hadoop.security.UserGroupInformation - Assuming keytab is managed externally since logged in from subject.
DEBUG main org.apache.hadoop.security.UserGroupInformation - UGI loginUser:23168 (auth:SIMPLE)
DEBUG main org.apache.hadoop.security.UserGroupInformation - PrivilegedAction as:23168 (auth:SIMPLE) from:org.apache.hadoop.hbase.security.User$SecureHadoopUser.runAs(User.java:347)
DEBUG main org.apache.hadoop.hbase.zookeeper.ReadOnlyZKClient - Connect 0x4e4aea35 to hadoop102:2181,hadoop103:2181,hadoop104:2181 with session timeout=90000ms, retries 30, retry interval 1000ms, keepAlive=60000ms
INFO ReadOnlyZKClient-hadoop102:2181,hadoop103:2181,hadoop104:2181@0x4e4aea35 org.apache.zookeeper.ZooKeeper - Client environment:zookeeper.version=3.5.7-f0fdd52973d373ffd9c86b81d99842dc2c7f660e, built on 02/10/2020 11:30 GMT
INFO ReadOnlyZKClient-hadoop102:2181,hadoop103:2181,hadoop104:2181@0x4e4aea35 org.apache.zookeeper.ZooKeeper - Client environment:host.name=lei
INFO ReadOnlyZKClient-hadoop102:2181,hadoop103:2181,hadoop104:2181@0x4e4aea35 org.apache.zookeeper.ZooKeeper - Client environment:java.version=1.8.0_332
INFO ReadOnlyZKClient-hadoop102:2181,hadoop103:2181,hadoop104:2181@0x4e4aea35 org.apache.zookeeper.ZooKeeper - Client environment:java.vendor=Amazon.com Inc.
INFO ReadOnlyZKClient-hadoop102:2181,hadoop103:2181,hadoop104:2181@0x4e4aea35 org.apache.zookeeper.ZooKeeper - Client environment:java.home=C:\Users\23168\.jdks\corretto-1.8.0_332\jre
INFO ReadOnlyZKClient-hadoop102:2181,hadoop103:2181,hadoop104:2181@0x4e4aea35 org.apache.zookeeper.ZooKeeper - Client environment:java.class.path=C:\Users\23168\.jdks\corretto-1.8.0_332\jre\lib\charsets.jar;C:\Users\23168\.jdks\corretto-1.8.0_332\jre\lib\ext\access-bridge-64.jar;C:\Users\23168\.jdks\corretto-1.8.0_332\jre\lib\ext\cldrdata.jar;C:\Users\23168\.jdks\corretto-1.8.0_332\jre\lib\ext\dnsns.jar;C:\Users\23168\.jdks\corretto-1.8.0_332\jre\lib\ext\jaccess.jar;C:\Users\23168\.jdks\corretto-1.8.0_332\jre\lib\ext\jfxrt.jar;C:\Users\23168\.jdks\corretto-1.8.0_332\jre\lib\ext\localedata.jar;C:\Users\23168\.jdks\corretto-1.8.0_332\jre\lib\ext\nashorn.jar;C:\Users\23168\.jdks\corretto-1.8.0_332\jre\lib\ext\sunec.jar;C:\Users\23168\.jdks\corretto-1.8.0_332\jre\lib\ext\sunjce_provider.jar;C:\Users\23168\.jdks\corretto-1.8.0_332\jre\lib\ext\sunmscapi.jar;C:\Users\23168\.jdks\corretto-1.8.0_332\jre\lib\ext\sunpkcs11.jar;C:\Users\23168\.jdks\corretto-1.8.0_332\jre\lib\ext\zipfs.jar;C:\Users\23168\.jdks\corretto-1.8.0_332\jre\lib\jce.jar;C:\Users\23168\.jdks\corretto-1.8.0_332\jre\lib\jfr.jar;C:\Users\23168\.jdks\corretto-1.8.0_332\jre\lib\jfxswt.jar;C:\Users\23168\.jdks\corretto-1.8.0_332\jre\lib\jsse.jar;C:\Users\23168\.jdks\corretto-1.8.0_332\jre\lib\management-agent.jar;C:\Users\23168\.jdks\corretto-1.8.0_332\jre\lib\resources.jar;C:\Users\23168\.jdks\corretto-1.8.0_332\jre\lib\rt.jar;C:\Users\23168\IdeaProjects\studt\hbase-demo\target\classes;D:\Study\maven\apache-maven-3.8.3\maven-repository\org\apache\hbase\hbase-client\2.4.11\hbase-client-2.4.11.jar;D:\Study\maven\apache-maven-3.8.3\maven-repository\org\apache\hbase\thirdparty\hbase-shaded-protobuf\3.5.1\hbase-shaded-protobuf-3.5.1.jar;D:\Study\maven\apache-maven-3.8.3\maven-repository\org\apache\hbase\hbase-common\2.4.11\hbase-common-2.4.11.jar;D:\Study\maven\apache-maven-3.8.3\maven-repository\org\apache\hbase\hbase-logging\2.4.11\hbase-logging-2.4.11.jar;D:\Study\maven\apache-maven-3.8.3\maven-repository\org\apache\hbase\thirdparty\hbase-shaded-gson\3.5.1\hbase-shaded-gson-3.5.1.jar;D:\Study\maven\apache-maven-3.8.3\maven-repository\org\apache\hbase\hbase-hadoop-compat\2.4.11\hbase-hadoop-compat-2.4.11.jar;D:\Study\maven\apache-maven-3.8.3\maven-repository\org\apache\hbase\hbase-metrics-api\2.4.11\hbase-metrics-api-2.4.11.jar;D:\Study\maven\apache-maven-3.8.3\maven-repository\org\apache\hbase\hbase-hadoop2-compat\2.4.11\hbase-hadoop2-compat-2.4.11.jar;D:\Study\maven\apache-maven-3.8.3\maven-repository\org\apache\hbase\hbase-metrics\2.4.11\hbase-metrics-2.4.11.jar;D:\Study\maven\apache-maven-3.8.3\maven-repository\javax\activation\javax.activation-api\1.2.0\javax.activation-api-1.2.0.jar;D:\Study\maven\apache-maven-3.8.3\maven-repository\org\apache\hbase\hbase-protocol-shaded\2.4.11\hbase-protocol-shaded-2.4.11.jar;D:\Study\maven\apache-maven-3.8.3\maven-repository\org\apache\hbase\hbase-protocol\2.4.11\hbase-protocol-2.4.11.jar;D:\Study\maven\apache-maven-3.8.3\maven-repository\javax\annotation\javax.annotation-api\1.2\javax.annotation-api-1.2.jar;D:\Study\maven\apache-maven-3.8.3\maven-repository\commons-codec\commons-codec\1.13\commons-codec-1.13.jar;D:\Study\maven\apache-maven-3.8.3\maven-repository\commons-io\commons-io\2.11.0\commons-io-2.11.0.jar;D:\Study\maven\apache-maven-3.8.3\maven-repository\org\apache\commons\commons-lang3\3.9\commons-lang3-3.9.jar;D:\Study\maven\apache-maven-3.8.3\maven-repository\org\slf4j\slf4j-api\1.7.33\slf4j-api-1.7.33.jar;D:\Study\maven\apache-maven-3.8.3\maven-repository\org\apache\hbase\thirdparty\hbase-shaded-miscellaneous\3.5.1\hbase-shaded-miscellaneous-3.5.1.jar;D:\Study\maven\apache-maven-3.8.3\maven-repository\com\google\errorprone\error_prone_annotations\2.7.1\error_prone_annotations-2.7.1.jar;D:\Study\maven\apache-maven-3.8.3\maven-repository\com\google\protobuf\protobuf-java\2.5.0\protobuf-java-2.5.0.jar;D:\Study\maven\apache-maven-3.8.3\maven-repository\org\apache\hbase\thirdparty\hbase-shaded-netty\3.5.1\hbase-shaded-netty-3.5.1.jar;D:\Study\maven\apache-maven-3.8.3\maven-repository\org\apache\zookeeper\zookeeper\3.5.7\zookeeper-3.5.7.jar;D:\Study\maven\apache-maven-3.8.3\maven-repository\org\apache\zookeeper\zookeeper-jute\3.5.7\zookeeper-jute-3.5.7.jar;D:\Study\maven\apache-maven-3.8.3\maven-repository\io\netty\netty-handler\4.1.45.Final\netty-handler-4.1.45.Final.jar;D:\Study\maven\apache-maven-3.8.3\maven-repository\io\netty\netty-common\4.1.45.Final\netty-common-4.1.45.Final.jar;D:\Study\maven\apache-maven-3.8.3\maven-repository\io\netty\netty-buffer\4.1.45.Final\netty-buffer-4.1.45.Final.jar;D:\Study\maven\apache-maven-3.8.3\maven-repository\io\netty\netty-transport\4.1.45.Final\netty-transport-4.1.45.Final.jar;D:\Study\maven\apache-maven-3.8.3\maven-repository\io\netty\netty-resolver\4.1.45.Final\netty-resolver-4.1.45.Final.jar;D:\Study\maven\apache-maven-3.8.3\maven-repository\io\netty\netty-codec\4.1.45.Final\netty-codec-4.1.45.Final.jar;D:\Study\maven\apache-maven-3.8.3\maven-repository\io\netty\netty-transport-native-epoll\4.1.45.Final\netty-transport-native-epoll-4.1.45.Final.jar;D:\Study\maven\apache-maven-3.8.3\maven-repository\io\netty\netty-transport-native-unix-common\4.1.45.Final\netty-transport-native-unix-common-4.1.45.Final.jar;D:\Study\maven\apache-maven-3.8.3\maven-repository\org\apache\htrace\htrace-core4\4.2.0-incubating\htrace-core4-4.2.0-incubating.jar;D:\Study\maven\apache-maven-3.8.3\maven-repository\org\jruby\jcodings\jcodings\1.0.55\jcodings-1.0.55.jar;D:\Study\maven\apache-maven-3.8.3\maven-repository\org\jruby\joni\joni\2.1.31\joni-2.1.31.jar;D:\Study\maven\apache-maven-3.8.3\maven-repository\io\dropwizard\metrics\metrics-core\3.2.6\metrics-core-3.2.6.jar;D:\Study\maven\apache-maven-3.8.3\maven-repository\org\apache\commons\commons-crypto\1.0.0\commons-crypto-1.0.0.jar;D:\Study\maven\apache-maven-3.8.3\maven-repository\org\apache\hadoop\hadoop-auth\2.10.0\hadoop-auth-2.10.0.jar;D:\Study\maven\apache-maven-3.8.3\maven-repository\org\apache\httpcomponents\httpclient\4.5.2\httpclient-4.5.2.jar;D:\Study\maven\apache-maven-3.8.3\maven-repository\org\apache\httpcomponents\httpcore\4.4.4\httpcore-4.4.4.jar;D:\Study\maven\apache-maven-3.8.3\maven-repository\com\nimbusds\nimbus-jose-jwt\4.41.1\nimbus-jose-jwt-4.41.1.jar;D:\Study\maven\apache-maven-3.8.3\maven-repository\com\github\stephenc\jcip\jcip-annotations\1.0-1\jcip-annotations-1.0-1.jar;D:\Study\maven\apache-maven-3.8.3\maven-repository\org\apache\directory\server\apacheds-kerberos-codec\2.0.0-M15\apacheds-kerberos-codec-2.0.0-M15.jar;D:\Study\maven\apache-maven-3.8.3\maven-repository\org\apache\directory\server\apacheds-i18n\2.0.0-M15\apacheds-i18n-2.0.0-M15.jar;D:\Study\maven\apache-maven-3.8.3\maven-repository\org\apache\directory\api\api-asn1-api\1.0.0-M20\api-asn1-api-1.0.0-M20.jar;D:\Study\maven\apache-maven-3.8.3\maven-repository\org\apache\directory\api\api-util\1.0.0-M20\api-util-1.0.0-M20.jar;D:\Study\maven\apache-maven-3.8.3\maven-repository\org\apache\curator\curator-framework\2.7.1\curator-framework-2.7.1.jar;D:\Study\maven\apache-maven-3.8.3\maven-repository\org\apache\hadoop\hadoop-common\2.10.0\hadoop-common-2.10.0.jar;D:\Study\maven\apache-maven-3.8.3\maven-repository\org\apache\hadoop\hadoop-annotations\2.10.0\hadoop-annotations-2.10.0.jar;D:\Study\maven\apache-maven-3.8.3\maven-repository\com\google\guava\guava\11.0.2\guava-11.0.2.jar;D:\Study\maven\apache-maven-3.8.3\maven-repository\commons-cli\commons-cli\1.2\commons-cli-1.2.jar;D:\Study\maven\apache-maven-3.8.3\maven-repository\org\apache\commons\commons-math3\3.1.1\commons-math3-3.1.1.jar;D:\Study\maven\apache-maven-3.8.3\maven-repository\xmlenc\xmlenc\0.52\xmlenc-0.52.jar;D:\Study\maven\apache-maven-3.8.3\maven-repository\commons-net\commons-net\3.1\commons-net-3.1.jar;D:\Study\maven\apache-maven-3.8.3\maven-repository\commons-collections\commons-collections\3.2.2\commons-collections-3.2.2.jar;D:\Study\maven\apache-maven-3.8.3\maven-repository\org\mortbay\jetty\jetty-sslengine\6.1.26\jetty-sslengine-6.1.26.jar;D:\Study\maven\apache-maven-3.8.3\maven-repository\commons-logging\commons-logging\1.1.3\commons-logging-1.1.3.jar;D:\Study\maven\apache-maven-3.8.3\maven-repository\log4j\log4j\1.2.17\log4j-1.2.17.jar;D:\Study\maven\apache-maven-3.8.3\maven-repository\commons-lang\commons-lang\2.6\commons-lang-2.6.jar;D:\Study\maven\apache-maven-3.8.3\maven-repository\commons-configuration\commons-configuration\1.6\commons-configuration-1.6.jar;D:\Study\maven\apache-maven-3.8.3\maven-repository\commons-digester\commons-digester\1.8\commons-digester-1.8.jar;D:\Study\maven\apache-maven-3.8.3\maven-repository\commons-beanutils\commons-beanutils\1.9.4\commons-beanutils-1.9.4.jar;D:\Study\maven\apache-maven-3.8.3\maven-repository\org\slf4j\slf4j-log4j12\1.7.25\slf4j-log4j12-1.7.25.jar;D:\Study\maven\apache-maven-3.8.3\maven-repository\org\codehaus\jackson\jackson-core-asl\1.9.13\jackson-core-asl-1.9.13.jar;D:\Study\maven\apache-maven-3.8.3\maven-repository\org\codehaus\jackson\jackson-mapper-asl\1.9.13\jackson-mapper-asl-1.9.13.jar;D:\Study\maven\apache-maven-3.8.3\maven-repository\org\apache\avro\avro\1.7.7\avro-1.7.7.jar;D:\Study\maven\apache-maven-3.8.3\maven-repository\com\thoughtworks\paranamer\paranamer\2.3\paranamer-2.3.jar;D:\Study\maven\apache-maven-3.8.3\maven-repository\org\xerial\snappy\snappy-java\1.0.5\snappy-java-1.0.5.jar;D:\Study\maven\apache-maven-3.8.3\maven-repository\com\google\code\gson\gson\2.2.4\gson-2.2.4.jar;D:\Study\maven\apache-maven-3.8.3\maven-repository\com\jcraft\jsch\0.1.54\jsch-0.1.54.jar;D:\Study\maven\apache-maven-3.8.3\maven-repository\org\apache\curator\curator-client\2.7.1\curator-client-2.7.1.jar;D:\Study\maven\apache-maven-3.8.3\maven-repository\org\apache\curator\curator-recipes\2.7.1\curator-recipes-2.7.1.jar;D:\Study\maven\apache-maven-3.8.3\maven-repository\com\google\code\findbugs\jsr305\3.0.0\jsr305-3.0.0.jar;D:\Study\maven\apache-maven-3.8.3\maven-repository\org\apache\commons\commons-compress\1.19\commons-compress-1.19.jar;D:\Study\maven\apache-maven-3.8.3\maven-repository\org\codehaus\woodstox\stax2-api\3.1.4\stax2-api-3.1.4.jar;D:\Study\maven\apache-maven-3.8.3\maven-repository\com\fasterxml\woodstox\woodstox-core\5.0.3\woodstox-core-5.0.3.jar;D:\Study\maven\apache-maven-3.8.3\maven-repository\org\apache\yetus\audience-annotations\0.5.0\audience-annotations-0.5.0.jar;D:\Study\maven\apache-maven-3.8.3\maven-repository\org\mybatis\mybatis\3.5.5\mybatis-3.5.5.jar;D:\Study\maven\apache-maven-3.8.3\maven-repository\mysql\mysql-connector-java\5.1.34\mysql-connector-java-5.1.34.jar;D:\Study\maven\apache-maven-3.8.3\maven-repository\com\alibaba\fastjson\1.2.62\fastjson-1.2.62.jar;D:\Study\IDEA_EE\IntelliJ IDEA 2021.2.3\lib\idea_rt.jar
INFO ReadOnlyZKClient-hadoop102:2181,hadoop103:2181,hadoop104:2181@0x4e4aea35 org.apache.zookeeper.ZooKeeper - Client environment:java.library.path=C:\Users\23168\.jdks\corretto-1.8.0_332\bin;C:\WINDOWS\Sun\Java\bin;C:\WINDOWS\system32;C:\WINDOWS;C:\Program Files (x86)\Common Files\Intel\Shared Libraries\redist\intel64\compiler;D:\Python\Scripts\;D:\Python\;C:\Program Files\Common Files\Oracle\Java\javapath;D:\Study\jdk\javajdk\\bin;C:\Windows\system32;C:\Windows;C:\Windows\System32\Wbem;C:\Windows\System32\WindowsPowerShell\v1.0\;C:\Windows\System32\OpenSSH\;C:\Program Files (x86)\NVIDIA Corporation\PhysX\Common;C:\Program Files\NVIDIA Corporation\NVIDIA NvDLISR;C:\WINDOWS\system32;C:\WINDOWS;C:\WINDOWS\System32\Wbem;C:\WINDOWS\System32\WindowsPowerShell\v1.0\;C:\WINDOWS\System32\OpenSSH\;C:\Program Files\dotnet\;C:\Program Files\Microsoft SQL Server\130\Tools\Binn\;C:\Program Files\Microsoft SQL Server\Client SDK\ODBC\170\Tools\Binn\;D:\Study\Vs Code\mingw64\bin;"D:\Study\jdk\javajdk\\bin;D:\Study\jdk\javajdk\\jre\bin;";";D:\Study\Tomcat 9\bin";D:\Study\MySQL\bin;D:\Study\Git\Git\cmd;D:\Study\maven\apache-maven-3.8.3\bin;D:\Study\wechat\微信web开发者工具\dll;C:\Program Files (x86)\Microsoft SQL Server\110\DTS\Binn\;C:\Program Files (x86)\Microsoft SQL Server\110\Tools\Binn\;C:\Program Files (x86)\Microsoft SQL Server\110\Tools\Binn\ManagementStudio\;C:\Program Files (x86)\Microsoft Visual Studio 10.0\Common7\IDE\PrivateAssemblies\;D:\Study\mysql\bin;D:\Study\Android\SDK\platform-tools;D:\Study\Python;D:\Study\Python\Scripts;D:\Study\node.js\;D:\Download\EasyShare\x86\;D:\Download\EasyShare\x64\;D:\Study\Xshell\;D:\Study\Hadoop\hadoop-3.2.0\bin;C:\Program Files\Microsoft SQL Server\110\Tools\Binn\;C:\Users\23168\AppData\Local\Microsoft\WindowsApps;C:\Program Files\Bandizip\;D:\Study\IDEA_EE\IntelliJ IDEA 2021.2.3\bin;;D:\IDEA\IntelliJ IDEA Community Edition 2021.2.1\bin;;C:\Users\23168\.dotnet\tools;D:\LLVm\bin;D:\Study\jdk\javajdk\\jre\bin;D:\Study\jdk\javajdk\\bin;D:\Study\maven\apache-maven-3.8.3\bin;D:\Study\maven\apache-maven-3.8.3\bin;C:\Users\23168\AppData\Local\Programs\Microsoft VS Code\bin;C:\Users\23168\AppData\Local\Android\Sdk\tools;C:\Users\23168\AppData\Local\GitHubDesktop\bin;D:\Study\VsCode\Microsoft VS Code\bin;D:\Study\Python\PyCharm\PyCharm Community Edition 2022.1.1\bin;;D:\Study\Python\PyCharm_professional\PyCharm 2021.3.3\bin;;C:\ProgramData\23168\GitHubDesktop\bin;C:\Users\23168\AppData\Roaming\npm;D:\Study\node.js;;.
INFO ReadOnlyZKClient-hadoop102:2181,hadoop103:2181,hadoop104:2181@0x4e4aea35 org.apache.zookeeper.ZooKeeper - Client environment:java.io.tmpdir=C:\Users\23168\AppData\Local\Temp\
INFO ReadOnlyZKClient-hadoop102:2181,hadoop103:2181,hadoop104:2181@0x4e4aea35 org.apache.zookeeper.ZooKeeper - Client environment:java.compiler=<NA>
INFO ReadOnlyZKClient-hadoop102:2181,hadoop103:2181,hadoop104:2181@0x4e4aea35 org.apache.zookeeper.ZooKeeper - Client environment:os.name=Windows 10
INFO ReadOnlyZKClient-hadoop102:2181,hadoop103:2181,hadoop104:2181@0x4e4aea35 org.apache.zookeeper.ZooKeeper - Client environment:os.arch=amd64
INFO ReadOnlyZKClient-hadoop102:2181,hadoop103:2181,hadoop104:2181@0x4e4aea35 org.apache.zookeeper.ZooKeeper - Client environment:os.version=10.0
INFO ReadOnlyZKClient-hadoop102:2181,hadoop103:2181,hadoop104:2181@0x4e4aea35 org.apache.zookeeper.ZooKeeper - Client environment:user.name=23168
INFO ReadOnlyZKClient-hadoop102:2181,hadoop103:2181,hadoop104:2181@0x4e4aea35 org.apache.zookeeper.ZooKeeper - Client environment:user.home=C:\Users\23168
INFO ReadOnlyZKClient-hadoop102:2181,hadoop103:2181,hadoop104:2181@0x4e4aea35 org.apache.zookeeper.ZooKeeper - Client environment:user.dir=C:\Users\23168\IdeaProjects\studt\hbase-demo
INFO ReadOnlyZKClient-hadoop102:2181,hadoop103:2181,hadoop104:2181@0x4e4aea35 org.apache.zookeeper.ZooKeeper - Client environment:os.memory.free=200MB
INFO ReadOnlyZKClient-hadoop102:2181,hadoop103:2181,hadoop104:2181@0x4e4aea35 org.apache.zookeeper.ZooKeeper - Client environment:os.memory.max=3621MB
INFO ReadOnlyZKClient-hadoop102:2181,hadoop103:2181,hadoop104:2181@0x4e4aea35 org.apache.zookeeper.ZooKeeper - Client environment:os.memory.total=245MB
INFO ReadOnlyZKClient-hadoop102:2181,hadoop103:2181,hadoop104:2181@0x4e4aea35 org.apache.zookeeper.ZooKeeper - Initiating client connection, connectString=hadoop102:2181,hadoop103:2181,hadoop104:2181 sessionTimeout=90000 watcher=org.apache.hadoop.hbase.zookeeper.ReadOnlyZKClient$$Lambda$8/857419513@11ed5c94
INFO ReadOnlyZKClient-hadoop102:2181,hadoop103:2181,hadoop104:2181@0x4e4aea35 org.apache.zookeeper.common.X509Util - Setting -D jdk.tls.rejectClientInitiatedRenegotiation=true to disable client-initiated TLS renegotiation
INFO ReadOnlyZKClient-hadoop102:2181,hadoop103:2181,hadoop104:2181@0x4e4aea35 org.apache.zookeeper.ClientCnxnSocket - jute.maxbuffer value is 4194304 Bytes
INFO ReadOnlyZKClient-hadoop102:2181,hadoop103:2181,hadoop104:2181@0x4e4aea35 org.apache.zookeeper.ClientCnxn - zookeeper.request.timeout value is 0. feature enabled=
DEBUG ReadOnlyZKClient-hadoop102:2181,hadoop103:2181,hadoop104:2181@0x4e4aea35-SendThread(hadoop103:2181) org.apache.zookeeper.SaslServerPrincipal - Canonicalized address to hadoop103
INFO ReadOnlyZKClient-hadoop102:2181,hadoop103:2181,hadoop104:2181@0x4e4aea35-SendThread(hadoop103:2181) org.apache.zookeeper.ClientCnxn - Opening socket connection to server hadoop103/192.168.10.103:2181. Will not attempt to authenticate using SASL (unknown error)
INFO ReadOnlyZKClient-hadoop102:2181,hadoop103:2181,hadoop104:2181@0x4e4aea35-SendThread(hadoop103:2181) org.apache.zookeeper.ClientCnxn - Socket connection established, initiating session, client: /192.168.10.1:23736, server: hadoop103/192.168.10.103:2181
DEBUG ReadOnlyZKClient-hadoop102:2181,hadoop103:2181,hadoop104:2181@0x4e4aea35-SendThread(hadoop103:2181) org.apache.zookeeper.ClientCnxn - Session establishment request sent on hadoop103/192.168.10.103:2181
INFO ReadOnlyZKClient-hadoop102:2181,hadoop103:2181,hadoop104:2181@0x4e4aea35-SendThread(hadoop103:2181) org.apache.zookeeper.ClientCnxn - Session establishment complete on server hadoop103/192.168.10.103:2181, sessionid = 0x3000002ad8a0017, negotiated timeout = 40000
DEBUG ReadOnlyZKClient-hadoop102:2181,hadoop103:2181,hadoop104:2181@0x4e4aea35-SendThread(hadoop103:2181) org.apache.zookeeper.ClientCnxn - Reading reply sessionid:0x3000002ad8a0017, packet:: clientPath:/hbase/hbaseid serverPath:/hbase/hbaseid finished:false header:: 1,4  replyHeader:: 1,12884902182,0  request:: '/hbase/hbaseid,F  response:: #ffffffff000146d61737465723a31363030305417ffffffbe72ffffff977cffffffffe50425546a2437646231386431372d396139372d346136332d383166612d303930326230623734373563,s{8589934609,12884902106,1663642095410,1664002367165,4,0,0,0,67,0,8589934609} 
DEBUG main org.apache.hbase.thirdparty.io.netty.util.internal.logging.InternalLoggerFactory - Using SLF4J as the default logging framework
DEBUG main org.apache.hbase.thirdparty.io.netty.util.ResourceLeakDetector - -Dorg.apache.hbase.thirdparty.io.netty.leakDetection.level: simple
DEBUG main org.apache.hbase.thirdparty.io.netty.util.ResourceLeakDetector - -Dorg.apache.hbase.thirdparty.io.netty.leakDetection.targetRecords: 4
DEBUG main org.apache.hbase.thirdparty.io.netty.util.ResourceLeakDetectorFactory - Loaded default ResourceLeakDetector: org.apache.hbase.thirdparty.io.netty.util.ResourceLeakDetector@2ea6137
DEBUG main org.apache.hbase.thirdparty.io.netty.util.internal.PlatformDependent0 - -Dio.netty.noUnsafe: false
DEBUG main org.apache.hbase.thirdparty.io.netty.util.internal.PlatformDependent0 - Java version: 8
DEBUG main org.apache.hbase.thirdparty.io.netty.util.internal.PlatformDependent0 - sun.misc.Unsafe.theUnsafe: available
DEBUG main org.apache.hbase.thirdparty.io.netty.util.internal.PlatformDependent0 - sun.misc.Unsafe.copyMemory: available
DEBUG main org.apache.hbase.thirdparty.io.netty.util.internal.PlatformDependent0 - java.nio.Buffer.address: available
DEBUG main org.apache.hbase.thirdparty.io.netty.util.internal.PlatformDependent0 - direct buffer constructor: available
DEBUG main org.apache.hbase.thirdparty.io.netty.util.internal.PlatformDependent0 - java.nio.Bits.unaligned: available, true
DEBUG main org.apache.hbase.thirdparty.io.netty.util.internal.PlatformDependent0 - jdk.internal.misc.Unsafe.allocateUninitializedArray(int): unavailable prior to Java9
DEBUG main org.apache.hbase.thirdparty.io.netty.util.internal.PlatformDependent0 - java.nio.DirectByteBuffer.<init>(long, int): available
DEBUG main org.apache.hbase.thirdparty.io.netty.util.internal.PlatformDependent - sun.misc.Unsafe: available
DEBUG main org.apache.hbase.thirdparty.io.netty.util.internal.PlatformDependent - -Dio.netty.tmpdir: C:\Users\23168\AppData\Local\Temp (java.io.tmpdir)
DEBUG main org.apache.hbase.thirdparty.io.netty.util.internal.PlatformDependent - -Dio.netty.bitMode: 64 (sun.arch.data.model)
DEBUG main org.apache.hbase.thirdparty.io.netty.util.internal.PlatformDependent - Platform: Windows
DEBUG main org.apache.hbase.thirdparty.io.netty.util.internal.PlatformDependent - -Dio.netty.maxDirectMemory: 3797417984 bytes
DEBUG main org.apache.hbase.thirdparty.io.netty.util.internal.PlatformDependent - -Dio.netty.uninitializedArrayAllocationThreshold: -1
DEBUG main org.apache.hbase.thirdparty.io.netty.util.internal.CleanerJava6 - java.nio.ByteBuffer.cleaner(): available
DEBUG main org.apache.hbase.thirdparty.io.netty.util.internal.PlatformDependent - -Dio.netty.noPreferDirect: false
DEBUG main org.apache.hbase.thirdparty.io.netty.util.internal.PlatformDependent - org.jctools-core.MpscChunkedArrayQueue: available
DEBUG main org.apache.hadoop.hbase.util.ClassSize - Using Unsafe to estimate memory layout
DEBUG main org.apache.hadoop.hbase.ipc.AbstractRpcClient - Codec=org.apache.hadoop.hbase.codec.KeyValueCodec@4e91d63f, compressor=null, tcpKeepAlive=true, tcpNoDelay=true, connectTO=10000, readTO=20000, writeTO=60000, minIdleTimeBeforeClose=120000, maxRetries=0, fallbackAllowed=false, bind address=null
DEBUG main org.apache.hbase.thirdparty.io.netty.channel.MultithreadEventLoopGroup - -Dio.netty.eventLoopThreads: 24
DEBUG main org.apache.hbase.thirdparty.io.netty.util.internal.InternalThreadLocalMap - -Dio.netty.threadLocalMap.stringBuilder.initialSize: 1024
DEBUG main org.apache.hbase.thirdparty.io.netty.util.internal.InternalThreadLocalMap - -Dio.netty.threadLocalMap.stringBuilder.maxSize: 4096
DEBUG main org.apache.hbase.thirdparty.io.netty.channel.nio.NioEventLoop - -Dio.netty.noKeySetOptimization: false
DEBUG main org.apache.hbase.thirdparty.io.netty.channel.nio.NioEventLoop - -Dio.netty.selectorAutoRebuildThreshold: 512
DEBUG ReadOnlyZKClient-hadoop102:2181,hadoop103:2181,hadoop104:2181@0x4e4aea35-SendThread(hadoop103:2181) org.apache.zookeeper.ClientCnxn - Reading reply sessionid:0x3000002ad8a0017, packet:: clientPath:/hbase serverPath:/hbase finished:false header:: 2,8  replyHeader:: 2,12884902182,0  request:: '/hbase,F  response:: v{'meta-region-server,'rs,'splitWAL,'backup-masters,'flush-table-proc,'master-maintenance,'online-snapshot,'switch,'master,'running,'draining,'namespace,'hbaseid,'table} 
DEBUG ReadOnlyZKClient-hadoop102:2181,hadoop103:2181,hadoop104:2181@0x4e4aea35-SendThread(hadoop103:2181) org.apache.zookeeper.ClientCnxn - Reading reply sessionid:0x3000002ad8a0017, packet:: clientPath:/hbase/meta-region-server serverPath:/hbase/meta-region-server finished:false header:: 3,4  replyHeader:: 3,12884902182,0  request:: '/hbase/meta-region-server,F  response:: #ffffffff000146d61737465723a313630303017fffffff942fffffffb70ffffffa11fffffff9150425546a15a96861646f6f7031303410ffffff947d18ffffff99ffffffa0ffffff94fffffff2ffffffb630100183,s{8589934644,12884902124,1663642099717,1664002377795,12,0,0,0,56,0,8589934644} 
DEBUG hconnection-0x393671df-metaLookup-shared--pool-0 org.apache.hadoop.hbase.ipc.RpcConnection - Using SIMPLE authentication for service=ClientService, sasl=false
DEBUG hconnection-0x393671df-metaLookup-shared--pool-0 org.apache.hbase.thirdparty.io.netty.buffer.AbstractByteBuf - -Dorg.apache.hbase.thirdparty.io.netty.buffer.checkAccessible: true
DEBUG hconnection-0x393671df-metaLookup-shared--pool-0 org.apache.hbase.thirdparty.io.netty.buffer.AbstractByteBuf - -Dorg.apache.hbase.thirdparty.io.netty.buffer.checkBounds: true
DEBUG hconnection-0x393671df-metaLookup-shared--pool-0 org.apache.hbase.thirdparty.io.netty.util.ResourceLeakDetectorFactory - Loaded default ResourceLeakDetector: org.apache.hbase.thirdparty.io.netty.util.ResourceLeakDetector@ad4c6ed
DEBUG RPCClient-NioEventLoopGroup-1-1 org.apache.hbase.thirdparty.io.netty.channel.DefaultChannelId - -Dio.netty.processId: 19136 (auto-detected)
DEBUG RPCClient-NioEventLoopGroup-1-1 org.apache.hbase.thirdparty.io.netty.util.NetUtil - -Djava.net.preferIPv4Stack: false
DEBUG RPCClient-NioEventLoopGroup-1-1 org.apache.hbase.thirdparty.io.netty.util.NetUtil - -Djava.net.preferIPv6Addresses: false
DEBUG RPCClient-NioEventLoopGroup-1-1 org.apache.hbase.thirdparty.io.netty.util.NetUtilInitializations - Loopback interface: lo (Software Loopback Interface 1, 127.0.0.1)
DEBUG RPCClient-NioEventLoopGroup-1-1 org.apache.hbase.thirdparty.io.netty.util.NetUtil - Failed to get SOMAXCONN from sysctl and file \proc\sys\net\core\somaxconn. Default: 200
DEBUG RPCClient-NioEventLoopGroup-1-1 org.apache.hbase.thirdparty.io.netty.channel.DefaultChannelId - -Dio.netty.machineId: 8c:c6:81:ff:fe:84:e2:25 (auto-detected)
DEBUG RPCClient-NioEventLoopGroup-1-1 org.apache.hbase.thirdparty.io.netty.buffer.PooledByteBufAllocator - -Dio.netty.allocator.numHeapArenas: 24
DEBUG RPCClient-NioEventLoopGroup-1-1 org.apache.hbase.thirdparty.io.netty.buffer.PooledByteBufAllocator - -Dio.netty.allocator.numDirectArenas: 24
DEBUG RPCClient-NioEventLoopGroup-1-1 org.apache.hbase.thirdparty.io.netty.buffer.PooledByteBufAllocator - -Dio.netty.allocator.pageSize: 8192
DEBUG RPCClient-NioEventLoopGroup-1-1 org.apache.hbase.thirdparty.io.netty.buffer.PooledByteBufAllocator - -Dio.netty.allocator.maxOrder: 11
DEBUG RPCClient-NioEventLoopGroup-1-1 org.apache.hbase.thirdparty.io.netty.buffer.PooledByteBufAllocator - -Dio.netty.allocator.chunkSize: 16777216
DEBUG RPCClient-NioEventLoopGroup-1-1 org.apache.hbase.thirdparty.io.netty.buffer.PooledByteBufAllocator - -Dio.netty.allocator.smallCacheSize: 256
DEBUG RPCClient-NioEventLoopGroup-1-1 org.apache.hbase.thirdparty.io.netty.buffer.PooledByteBufAllocator - -Dio.netty.allocator.normalCacheSize: 64
DEBUG RPCClient-NioEventLoopGroup-1-1 org.apache.hbase.thirdparty.io.netty.buffer.PooledByteBufAllocator - -Dio.netty.allocator.maxCachedBufferCapacity: 32768
DEBUG RPCClient-NioEventLoopGroup-1-1 org.apache.hbase.thirdparty.io.netty.buffer.PooledByteBufAllocator - -Dio.netty.allocator.cacheTrimInterval: 8192
DEBUG RPCClient-NioEventLoopGroup-1-1 org.apache.hbase.thirdparty.io.netty.buffer.PooledByteBufAllocator - -Dio.netty.allocator.cacheTrimIntervalMillis: 0
DEBUG RPCClient-NioEventLoopGroup-1-1 org.apache.hbase.thirdparty.io.netty.buffer.PooledByteBufAllocator - -Dio.netty.allocator.useCacheForAllThreads: true
DEBUG RPCClient-NioEventLoopGroup-1-1 org.apache.hbase.thirdparty.io.netty.buffer.PooledByteBufAllocator - -Dio.netty.allocator.maxCachedByteBuffersPerChunk: 1023
DEBUG RPCClient-NioEventLoopGroup-1-1 org.apache.hbase.thirdparty.io.netty.buffer.ByteBufUtil - -Dio.netty.allocator.type: pooled
DEBUG RPCClient-NioEventLoopGroup-1-1 org.apache.hbase.thirdparty.io.netty.buffer.ByteBufUtil - -Dio.netty.threadLocalDirectBufferSize: 0
DEBUG RPCClient-NioEventLoopGroup-1-1 org.apache.hbase.thirdparty.io.netty.buffer.ByteBufUtil - -Dio.netty.maxThreadLocalCharBufferSize: 16384
DEBUG RPCClient-NioEventLoopGroup-1-1 org.apache.hbase.thirdparty.io.netty.util.Recycler - -Dio.netty.recycler.maxCapacityPerThread: 4096
DEBUG RPCClient-NioEventLoopGroup-1-1 org.apache.hbase.thirdparty.io.netty.util.Recycler - -Dio.netty.recycler.maxSharedCapacityFactor: 2
DEBUG RPCClient-NioEventLoopGroup-1-1 org.apache.hbase.thirdparty.io.netty.util.Recycler - -Dio.netty.recycler.linkCapacity: 16
DEBUG RPCClient-NioEventLoopGroup-1-1 org.apache.hbase.thirdparty.io.netty.util.Recycler - -Dio.netty.recycler.ratio: 8
DEBUG RPCClient-NioEventLoopGroup-1-1 org.apache.hbase.thirdparty.io.netty.util.Recycler - -Dio.netty.recycler.delayedQueue.ratio: 8
DEBUG hconnection-0x393671df-shared-pool-0 org.apache.hadoop.hbase.ipc.RpcConnection - Using SIMPLE authentication for service=ClientService, sasl=false
